{"/Users/cakeplabs/cakeplabs/mongodb-orm/src/database/database.ts": {"path":"/Users/cakeplabs/cakeplabs/mongodb-orm/src/database/database.ts","statementMap":{"0":{"start":{"line":2,"column":0},"end":{"line":2,"column":69}},"1":{"start":{"line":12,"column":4},"end":{"line":14,"column":5}},"2":{"start":{"line":13,"column":6},"end":{"line":13,"column":21}},"3":{"start":{"line":15,"column":4},"end":{"line":15,"column":47}},"4":{"start":{"line":19,"column":4},"end":{"line":27,"column":5}},"5":{"start":{"line":20,"column":6},"end":{"line":20,"column":62}},"6":{"start":{"line":21,"column":6},"end":{"line":21,"column":23}},"7":{"start":{"line":22,"column":17},"end":{"line":22,"column":49}},"8":{"start":{"line":23,"column":6},"end":{"line":23,"column":54}},"9":{"start":{"line":24,"column":6},"end":{"line":24,"column":19}},"10":{"start":{"line":26,"column":6},"end":{"line":26,"column":66}},"11":{"start":{"line":6,"column":19},"end":{"line":6,"column":53}},"12":{"start":{"line":7,"column":19},"end":{"line":7,"column":47}},"13":{"start":{"line":8,"column":19},"end":{"line":8,"column":47}},"14":{"start":{"line":31,"column":0},"end":{"line":31,"column":24}}},"fnMap":{"0":{"name":"(anonymous_0)","decl":{"start":{"line":11,"column":12},"end":{"line":11,"column":18}},"loc":{"start":{"line":11,"column":32},"end":{"line":16,"column":3}}},"1":{"name":"(anonymous_1)","decl":{"start":{"line":18,"column":10},"end":{"line":18,"column":16}},"loc":{"start":{"line":18,"column":24},"end":{"line":28,"column":3}}}},"branchMap":{"0":{"loc":{"start":{"line":12,"column":4},"end":{"line":14,"column":5}},"type":"if","locations":[{"start":{"line":12,"column":4},"end":{"line":14,"column":5}}]}},"s":{"0":3,"1":6,"2":2,"3":6,"4":3,"5":3,"6":3,"7":3,"8":3,"9":3,"10":0,"11":3,"12":3,"13":3,"14":3},"f":{"0":6,"1":3},"b":{"0":[2]}}
,"/Users/cakeplabs/cakeplabs/mongodb-orm/src/database/model.ts": {"path":"/Users/cakeplabs/cakeplabs/mongodb-orm/src/database/model.ts","statementMap":{"0":{"start":{"line":3,"column":0},"end":{"line":3,"column":34}},"1":{"start":{"line":7,"column":4},"end":{"line":13,"column":5}},"2":{"start":{"line":8,"column":25},"end":{"line":8,"column":45}},"3":{"start":{"line":10,"column":6},"end":{"line":10,"column":41}},"4":{"start":{"line":12,"column":6},"end":{"line":12,"column":18}},"5":{"start":{"line":17,"column":4},"end":{"line":27,"column":5}},"6":{"start":{"line":18,"column":6},"end":{"line":18,"column":38}},"7":{"start":{"line":18,"column":18},"end":{"line":18,"column":38}},"8":{"start":{"line":20,"column":24},"end":{"line":20,"column":40}},"9":{"start":{"line":21,"column":6},"end":{"line":21,"column":24}},"10":{"start":{"line":22,"column":6},"end":{"line":22,"column":27}},"11":{"start":{"line":24,"column":6},"end":{"line":24,"column":33}},"12":{"start":{"line":26,"column":6},"end":{"line":26,"column":18}},"13":{"start":{"line":31,"column":4},"end":{"line":45,"column":5}},"14":{"start":{"line":32,"column":25},"end":{"line":32,"column":45}},"15":{"start":{"line":34,"column":19},"end":{"line":34,"column":55}},"16":{"start":{"line":36,"column":33},"end":{"line":36,"column":35}},"17":{"start":{"line":38,"column":6},"end":{"line":40,"column":7}},"18":{"start":{"line":39,"column":8},"end":{"line":39,"column":43}},"19":{"start":{"line":42,"column":6},"end":{"line":42,"column":20}},"20":{"start":{"line":44,"column":6},"end":{"line":44,"column":18}},"21":{"start":{"line":49,"column":4},"end":{"line":57,"column":5}},"22":{"start":{"line":50,"column":25},"end":{"line":50,"column":45}},"23":{"start":{"line":52,"column":18},"end":{"line":52,"column":49}},"24":{"start":{"line":54,"column":6},"end":{"line":54,"column":17}},"25":{"start":{"line":56,"column":6},"end":{"line":56,"column":18}},"26":{"start":{"line":61,"column":4},"end":{"line":101,"column":5}},"27":{"start":{"line":62,"column":25},"end":{"line":62,"column":45}},"28":{"start":{"line":63,"column":24},"end":{"line":63,"column":26}},"29":{"start":{"line":64,"column":6},"end":{"line":64,"column":27}},"30":{"start":{"line":66,"column":6},"end":{"line":72,"column":7}},"31":{"start":{"line":67,"column":8},"end":{"line":69,"column":11}},"32":{"start":{"line":68,"column":10},"end":{"line":68,"column":32}},"33":{"start":{"line":71,"column":8},"end":{"line":71,"column":37}},"34":{"start":{"line":74,"column":6},"end":{"line":79,"column":38}},"35":{"start":{"line":79,"column":8},"end":{"line":79,"column":38}},"36":{"start":{"line":81,"column":6},"end":{"line":83,"column":7}},"37":{"start":{"line":82,"column":8},"end":{"line":82,"column":39}},"38":{"start":{"line":85,"column":6},"end":{"line":85,"column":65}},"39":{"start":{"line":85,"column":34},"end":{"line":85,"column":65}},"40":{"start":{"line":86,"column":6},"end":{"line":87,"column":40}},"41":{"start":{"line":87,"column":8},"end":{"line":87,"column":40}},"42":{"start":{"line":89,"column":6},"end":{"line":93,"column":9}},"43":{"start":{"line":95,"column":6},"end":{"line":95,"column":64}},"44":{"start":{"line":95,"column":26},"end":{"line":95,"column":64}},"45":{"start":{"line":96,"column":6},"end":{"line":96,"column":67}},"46":{"start":{"line":96,"column":27},"end":{"line":96,"column":67}},"47":{"start":{"line":98,"column":6},"end":{"line":98,"column":50}},"48":{"start":{"line":100,"column":6},"end":{"line":100,"column":18}},"49":{"start":{"line":5,"column":0},"end":{"line":5,"column":21}}},"fnMap":{"0":{"name":"(anonymous_8)","decl":{"start":{"line":6,"column":2},"end":{"line":6,"column":8}},"loc":{"start":{"line":6,"column":22},"end":{"line":14,"column":null}}},"1":{"name":"(anonymous_10)","decl":{"start":{"line":16,"column":2},"end":{"line":16,"column":8}},"loc":{"start":{"line":16,"column":45},"end":{"line":28,"column":null}}},"2":{"name":"(anonymous_12)","decl":{"start":{"line":30,"column":2},"end":{"line":30,"column":8}},"loc":{"start":{"line":30,"column":43},"end":{"line":46,"column":null}}},"3":{"name":"(anonymous_14)","decl":{"start":{"line":48,"column":2},"end":{"line":48,"column":8}},"loc":{"start":{"line":48,"column":24},"end":{"line":58,"column":null}}},"4":{"name":"(anonymous_16)","decl":{"start":{"line":60,"column":12},"end":{"line":60,"column":18}},"loc":{"start":{"line":60,"column":28},"end":{"line":102,"column":3}}},"5":{"name":"(anonymous_17)","decl":{"start":{"line":67,"column":30},"end":{"line":67,"column":31}},"loc":{"start":{"line":67,"column":40},"end":{"line":69,"column":9}}}},"branchMap":{"0":{"loc":{"start":{"line":18,"column":6},"end":{"line":18,"column":38}},"type":"if","locations":[{"start":{"line":18,"column":6},"end":{"line":18,"column":38}}]},"1":{"loc":{"start":{"line":66,"column":6},"end":{"line":72,"column":7}},"type":"if","locations":[{"start":{"line":66,"column":6},"end":{"line":72,"column":7}},{"start":{"line":70,"column":13},"end":{"line":72,"column":7}}]},"2":{"loc":{"start":{"line":74,"column":6},"end":{"line":79,"column":38}},"type":"if","locations":[{"start":{"line":74,"column":6},"end":{"line":79,"column":38}}]},"3":{"loc":{"start":{"line":76,"column":10},"end":{"line":76,"column":76}},"type":"binary-expr","locations":[{"start":{"line":76,"column":10},"end":{"line":76,"column":70}},{"start":{"line":76,"column":74},"end":{"line":76,"column":76}}]},"4":{"loc":{"start":{"line":76,"column":10},"end":{"line":76,"column":70}},"type":"cond-expr","locations":[{"start":{"line":76,"column":63},"end":{"line":76,"column":65}},{"start":{"line":76,"column":63},"end":{"line":76,"column":70}}]},"5":{"loc":{"start":{"line":76,"column":10},"end":{"line":76,"column":65}},"type":"binary-expr","locations":[{"start":{"line":76,"column":10},"end":{"line":76,"column":65}},{"start":{"line":76,"column":63},"end":{"line":76,"column":65}}]},"6":{"loc":{"start":{"line":76,"column":11},"end":{"line":76,"column":63}},"type":"cond-expr","locations":[{"start":{"line":76,"column":22},"end":{"line":76,"column":25}},{"start":{"line":76,"column":22},"end":{"line":76,"column":63}}]},"7":{"loc":{"start":{"line":76,"column":11},"end":{"line":76,"column":25}},"type":"binary-expr","locations":[{"start":{"line":76,"column":11},"end":{"line":76,"column":25}},{"start":{"line":76,"column":22},"end":{"line":76,"column":25}}]},"8":{"loc":{"start":{"line":76,"column":11},"end":{"line":76,"column":22}},"type":"cond-expr","locations":[{"start":{"line":76,"column":15},"end":{"line":76,"column":17}},{"start":{"line":76,"column":11},"end":{"line":76,"column":22}}]},"9":{"loc":{"start":{"line":76,"column":11},"end":{"line":76,"column":17}},"type":"binary-expr","locations":[{"start":{"line":76,"column":11},"end":{"line":76,"column":17}},{"start":{"line":76,"column":11},"end":{"line":76,"column":17}}]},"10":{"loc":{"start":{"line":81,"column":6},"end":{"line":83,"column":7}},"type":"if","locations":[{"start":{"line":81,"column":6},"end":{"line":83,"column":7}}]},"11":{"loc":{"start":{"line":85,"column":6},"end":{"line":85,"column":65}},"type":"if","locations":[{"start":{"line":85,"column":6},"end":{"line":85,"column":65}}]},"12":{"loc":{"start":{"line":86,"column":6},"end":{"line":87,"column":40}},"type":"if","locations":[{"start":{"line":86,"column":6},"end":{"line":87,"column":40}}]},"13":{"loc":{"start":{"line":86,"column":10},"end":{"line":86,"column":61}},"type":"binary-expr","locations":[{"start":{"line":86,"column":10},"end":{"line":86,"column":34}},{"start":{"line":86,"column":38},"end":{"line":86,"column":61}}]},"14":{"loc":{"start":{"line":95,"column":6},"end":{"line":95,"column":64}},"type":"if","locations":[{"start":{"line":95,"column":6},"end":{"line":95,"column":64}}]},"15":{"loc":{"start":{"line":96,"column":6},"end":{"line":96,"column":67}},"type":"if","locations":[{"start":{"line":96,"column":6},"end":{"line":96,"column":67}}]}},"s":{"0":2,"1":1,"2":1,"3":1,"4":0,"5":2,"6":2,"7":0,"8":2,"9":2,"10":2,"11":2,"12":0,"13":1,"14":1,"15":1,"16":1,"17":1,"18":3,"19":1,"20":0,"21":1,"22":1,"23":1,"24":1,"25":0,"26":2,"27":2,"28":2,"29":2,"30":2,"31":0,"32":0,"33":2,"34":2,"35":0,"36":2,"37":1,"38":2,"39":0,"40":2,"41":0,"42":2,"43":2,"44":0,"45":2,"46":0,"47":2,"48":0,"49":2},"f":{"0":1,"1":2,"2":1,"3":1,"4":2,"5":0},"b":{"0":[0],"1":[0,2],"2":[0],"3":[2,0],"4":[0,2],"5":[2,2],"6":[0,2],"7":[2,2],"8":[0,2],"9":[2,2],"10":[1],"11":[0],"12":[0],"13":[2,2],"14":[0],"15":[0]}}
,"/Users/cakeplabs/cakeplabs/mongodb-orm/src/database/query.ts": {"path":"/Users/cakeplabs/cakeplabs/mongodb-orm/src/database/query.ts","statementMap":{"0":{"start":{"line":1,"column":0},"end":{"line":1,"column":35}},"1":{"start":{"line":6,"column":0},"end":{"line":6,"column":34}},"2":{"start":{"line":86,"column":17},"end":{"line":86,"column":34}},"3":{"start":{"line":87,"column":20},"end":{"line":87,"column":43}},"4":{"start":{"line":89,"column":4},"end":{"line":89,"column":57}},"5":{"start":{"line":99,"column":17},"end":{"line":99,"column":22}},"6":{"start":{"line":100,"column":20},"end":{"line":100,"column":28}},"7":{"start":{"line":101,"column":21},"end":{"line":101,"column":61}},"8":{"start":{"line":102,"column":12},"end":{"line":102,"column":14}},"9":{"start":{"line":103,"column":29},"end":{"line":103,"column":50}},"10":{"start":{"line":105,"column":4},"end":{"line":107,"column":5}},"11":{"start":{"line":106,"column":6},"end":{"line":106,"column":35}},"12":{"start":{"line":109,"column":24},"end":{"line":109,"column":46}},"13":{"start":{"line":111,"column":4},"end":{"line":117,"column":5}},"14":{"start":{"line":116,"column":6},"end":{"line":116,"column":52}},"15":{"start":{"line":116,"column":34},"end":{"line":116,"column":50}},"16":{"start":{"line":119,"column":4},"end":{"line":132,"column":5}},"17":{"start":{"line":120,"column":6},"end":{"line":121,"column":47}},"18":{"start":{"line":121,"column":8},"end":{"line":121,"column":47}},"19":{"start":{"line":123,"column":6},"end":{"line":128,"column":9}},"20":{"start":{"line":130,"column":6},"end":{"line":130,"column":30}},"21":{"start":{"line":131,"column":6},"end":{"line":131,"column":18}},"22":{"start":{"line":134,"column":4},"end":{"line":144,"column":5}},"23":{"start":{"line":135,"column":35},"end":{"line":136,"column":null}},"24":{"start":{"line":136,"column":16},"end":{"line":136,"column":75}},"25":{"start":{"line":139,"column":6},"end":{"line":143,"column":7}},"26":{"start":{"line":140,"column":8},"end":{"line":140,"column":55}},"27":{"start":{"line":141,"column":8},"end":{"line":142,"column":32}},"28":{"start":{"line":142,"column":10},"end":{"line":142,"column":32}},"29":{"start":{"line":146,"column":4},"end":{"line":147,"column":45}},"30":{"start":{"line":147,"column":6},"end":{"line":147,"column":45}},"31":{"start":{"line":149,"column":4},"end":{"line":154,"column":7}},"32":{"start":{"line":156,"column":4},"end":{"line":156,"column":28}},"33":{"start":{"line":158,"column":4},"end":{"line":158,"column":16}},"34":{"start":{"line":165,"column":20},"end":{"line":165,"column":59}},"35":{"start":{"line":166,"column":23},"end":{"line":166,"column":41}},"36":{"start":{"line":167,"column":19},"end":{"line":171,"column":6}},"37":{"start":{"line":173,"column":4},"end":{"line":177,"column":5}},"38":{"start":{"line":174,"column":6},"end":{"line":176,"column":8}},"39":{"start":{"line":179,"column":4},"end":{"line":197,"column":5}},"40":{"start":{"line":180,"column":6},"end":{"line":186,"column":8}},"41":{"start":{"line":187,"column":11},"end":{"line":197,"column":5}},"42":{"start":{"line":188,"column":6},"end":{"line":196,"column":9}},"43":{"start":{"line":189,"column":8},"end":{"line":195,"column":10}},"44":{"start":{"line":199,"column":4},"end":{"line":199,"column":26}},"45":{"start":{"line":200,"column":4},"end":{"line":200,"column":26}},"46":{"start":{"line":201,"column":4},"end":{"line":201,"column":16}},"47":{"start":{"line":205,"column":4},"end":{"line":205,"column":31}},"48":{"start":{"line":206,"column":4},"end":{"line":206,"column":31}},"49":{"start":{"line":207,"column":4},"end":{"line":207,"column":20}},"50":{"start":{"line":208,"column":4},"end":{"line":208,"column":19}},"51":{"start":{"line":209,"column":4},"end":{"line":209,"column":22}},"52":{"start":{"line":210,"column":4},"end":{"line":210,"column":21}},"53":{"start":{"line":211,"column":4},"end":{"line":211,"column":21}},"54":{"start":{"line":212,"column":4},"end":{"line":212,"column":51}},"55":{"start":{"line":213,"column":4},"end":{"line":218,"column":6}},"56":{"start":{"line":220,"column":4},"end":{"line":234,"column":6}},"57":{"start":{"line":238,"column":4},"end":{"line":244,"column":5}},"58":{"start":{"line":239,"column":6},"end":{"line":243,"column":9}},"59":{"start":{"line":246,"column":4},"end":{"line":254,"column":5}},"60":{"start":{"line":247,"column":19},"end":{"line":248,"column":null}},"61":{"start":{"line":248,"column":18},"end":{"line":248,"column":60}},"62":{"start":{"line":251,"column":6},"end":{"line":253,"column":7}},"63":{"start":{"line":252,"column":8},"end":{"line":252,"column":40}},"64":{"start":{"line":256,"column":4},"end":{"line":270,"column":5}},"65":{"start":{"line":257,"column":19},"end":{"line":258,"column":null}},"66":{"start":{"line":258,"column":18},"end":{"line":258,"column":60}},"67":{"start":{"line":261,"column":6},"end":{"line":265,"column":9}},"68":{"start":{"line":267,"column":6},"end":{"line":269,"column":7}},"69":{"start":{"line":268,"column":8},"end":{"line":268,"column":40}},"70":{"start":{"line":272,"column":22},"end":{"line":272,"column":61}},"71":{"start":{"line":273,"column":23},"end":{"line":273,"column":63}},"72":{"start":{"line":275,"column":4},"end":{"line":281,"column":5}},"73":{"start":{"line":276,"column":6},"end":{"line":278,"column":9}},"74":{"start":{"line":280,"column":13},"end":{"line":280,"column":41}},"75":{"start":{"line":283,"column":4},"end":{"line":285,"column":5}},"76":{"start":{"line":284,"column":13},"end":{"line":284,"column":41}},"77":{"start":{"line":287,"column":4},"end":{"line":289,"column":5}},"78":{"start":{"line":288,"column":13},"end":{"line":288,"column":40}},"79":{"start":{"line":291,"column":4},"end":{"line":293,"column":5}},"80":{"start":{"line":292,"column":6},"end":{"line":292,"column":67}},"81":{"start":{"line":295,"column":4},"end":{"line":312,"column":5}},"82":{"start":{"line":301,"column":24},"end":{"line":301,"column":65}},"83":{"start":{"line":303,"column":6},"end":{"line":309,"column":9}},"84":{"start":{"line":311,"column":6},"end":{"line":311,"column":32}},"85":{"start":{"line":314,"column":4},"end":{"line":326,"column":5}},"86":{"start":{"line":315,"column":24},"end":{"line":315,"column":65}},"87":{"start":{"line":317,"column":6},"end":{"line":323,"column":9}},"88":{"start":{"line":325,"column":6},"end":{"line":325,"column":32}},"89":{"start":{"line":328,"column":4},"end":{"line":328,"column":16}},"90":{"start":{"line":335,"column":20},"end":{"line":335,"column":59}},"91":{"start":{"line":336,"column":23},"end":{"line":336,"column":41}},"92":{"start":{"line":337,"column":19},"end":{"line":337,"column":21}},"93":{"start":{"line":339,"column":4},"end":{"line":343,"column":5}},"94":{"start":{"line":340,"column":6},"end":{"line":342,"column":8}},"95":{"start":{"line":345,"column":4},"end":{"line":365,"column":5}},"96":{"start":{"line":346,"column":6},"end":{"line":349,"column":8}},"97":{"start":{"line":351,"column":6},"end":{"line":353,"column":9}},"98":{"start":{"line":354,"column":11},"end":{"line":365,"column":5}},"99":{"start":{"line":355,"column":6},"end":{"line":360,"column":9}},"100":{"start":{"line":356,"column":8},"end":{"line":359,"column":10}},"101":{"start":{"line":362,"column":6},"end":{"line":364,"column":9}},"102":{"start":{"line":367,"column":4},"end":{"line":367,"column":26}},"103":{"start":{"line":368,"column":4},"end":{"line":368,"column":16}},"104":{"start":{"line":9,"column":19},"end":{"line":9,"column":50}},"105":{"start":{"line":10,"column":19},"end":{"line":10,"column":50}},"106":{"start":{"line":11,"column":19},"end":{"line":11,"column":41}},"107":{"start":{"line":12,"column":19},"end":{"line":12,"column":40}},"108":{"start":{"line":13,"column":19},"end":{"line":13,"column":41}},"109":{"start":{"line":14,"column":19},"end":{"line":14,"column":38}},"110":{"start":{"line":15,"column":19},"end":{"line":15,"column":37}},"111":{"start":{"line":16,"column":19},"end":{"line":16,"column":40}},"112":{"start":{"line":17,"column":19},"end":{"line":22,"column":4}},"113":{"start":{"line":24,"column":19},"end":{"line":38,"column":4}},"114":{"start":{"line":40,"column":17},"end":{"line":78,"column":4}},"115":{"start":{"line":8,"column":21},"end":{"line":8,"column":27}}},"fnMap":{"0":{"name":"(anonymous_1)","decl":{"start":{"line":80,"column":2},"end":{"line":80,"column":8}},"loc":{"start":{"line":84,"column":15},"end":{"line":90,"column":3}}},"1":{"name":"(anonymous_2)","decl":{"start":{"line":92,"column":10},"end":{"line":92,"column":16}},"loc":{"start":{"line":97,"column":25},"end":{"line":159,"column":3}}},"2":{"name":"(anonymous_3)","decl":{"start":{"line":116,"column":26},"end":{"line":116,"column":27}},"loc":{"start":{"line":116,"column":34},"end":{"line":116,"column":50}}},"3":{"name":"(anonymous_4)","decl":{"start":{"line":136,"column":8},"end":{"line":136,"column":9}},"loc":{"start":{"line":136,"column":16},"end":{"line":136,"column":75}}},"4":{"name":"(anonymous_5)","decl":{"start":{"line":161,"column":2},"end":{"line":161,"column":8}},"loc":{"start":{"line":163,"column":34},"end":{"line":202,"column":3}}},"5":{"name":"(anonymous_6)","decl":{"start":{"line":188,"column":21},"end":{"line":188,"column":22}},"loc":{"start":{"line":188,"column":31},"end":{"line":196,"column":7}}},"6":{"name":"(anonymous_7)","decl":{"start":{"line":204,"column":12},"end":{"line":204,"column":18}},"loc":{"start":{"line":204,"column":29},"end":{"line":235,"column":3}}},"7":{"name":"(anonymous_8)","decl":{"start":{"line":237,"column":12},"end":{"line":237,"column":18}},"loc":{"start":{"line":237,"column":32},"end":{"line":329,"column":3}}},"8":{"name":"(anonymous_9)","decl":{"start":{"line":248,"column":8},"end":{"line":248,"column":9}},"loc":{"start":{"line":248,"column":18},"end":{"line":248,"column":60}}},"9":{"name":"(anonymous_10)","decl":{"start":{"line":258,"column":8},"end":{"line":258,"column":9}},"loc":{"start":{"line":258,"column":18},"end":{"line":258,"column":60}}},"10":{"name":"(anonymous_11)","decl":{"start":{"line":331,"column":2},"end":{"line":331,"column":8}},"loc":{"start":{"line":333,"column":34},"end":{"line":369,"column":3}}},"11":{"name":"(anonymous_12)","decl":{"start":{"line":355,"column":21},"end":{"line":355,"column":22}},"loc":{"start":{"line":355,"column":31},"end":{"line":360,"column":7}}}},"branchMap":{"0":{"loc":{"start":{"line":86,"column":17},"end":{"line":86,"column":34}},"type":"binary-expr","locations":[{"start":{"line":86,"column":17},"end":{"line":86,"column":22}},{"start":{"line":86,"column":26},"end":{"line":86,"column":34}}]},"1":{"loc":{"start":{"line":87,"column":20},"end":{"line":87,"column":43}},"type":"cond-expr","locations":[{"start":{"line":87,"column":28},"end":{"line":87,"column":36}},{"start":{"line":87,"column":39},"end":{"line":87,"column":43}}]},"2":{"loc":{"start":{"line":97,"column":4},"end":{"line":97,"column":25}},"type":"default-arg","locations":[{"start":{"line":97,"column":20},"end":{"line":97,"column":25}}]},"3":{"loc":{"start":{"line":103,"column":29},"end":{"line":103,"column":50}},"type":"cond-expr","locations":[{"start":{"line":103,"column":36},"end":{"line":103,"column":41}},{"start":{"line":103,"column":44},"end":{"line":103,"column":50}}]},"4":{"loc":{"start":{"line":105,"column":4},"end":{"line":107,"column":5}},"type":"if","locations":[{"start":{"line":105,"column":4},"end":{"line":107,"column":5}}]},"5":{"loc":{"start":{"line":105,"column":8},"end":{"line":105,"column":52}},"type":"binary-expr","locations":[{"start":{"line":105,"column":8},"end":{"line":105,"column":23}},{"start":{"line":105,"column":27},"end":{"line":105,"column":52}}]},"6":{"loc":{"start":{"line":111,"column":4},"end":{"line":117,"column":5}},"type":"if","locations":[{"start":{"line":111,"column":4},"end":{"line":117,"column":5}}]},"7":{"loc":{"start":{"line":112,"column":6},"end":{"line":114,"column":27}},"type":"binary-expr","locations":[{"start":{"line":112,"column":6},"end":{"line":112,"column":21}},{"start":{"line":113,"column":6},"end":{"line":113,"column":37}},{"start":{"line":114,"column":6},"end":{"line":114,"column":27}}]},"8":{"loc":{"start":{"line":119,"column":4},"end":{"line":132,"column":5}},"type":"if","locations":[{"start":{"line":119,"column":4},"end":{"line":132,"column":5}}]},"9":{"loc":{"start":{"line":120,"column":6},"end":{"line":121,"column":47}},"type":"if","locations":[{"start":{"line":120,"column":6},"end":{"line":121,"column":47}}]},"10":{"loc":{"start":{"line":125,"column":16},"end":{"line":125,"column":27}},"type":"cond-expr","locations":[{"start":{"line":125,"column":22},"end":{"line":125,"column":25}},{"start":{"line":125,"column":16},"end":{"line":125,"column":27}}]},"11":{"loc":{"start":{"line":125,"column":16},"end":{"line":125,"column":25}},"type":"binary-expr","locations":[{"start":{"line":125,"column":16},"end":{"line":125,"column":25}},{"start":{"line":125,"column":16},"end":{"line":125,"column":25}}]},"12":{"loc":{"start":{"line":134,"column":4},"end":{"line":144,"column":5}},"type":"if","locations":[{"start":{"line":134,"column":4},"end":{"line":144,"column":5}}]},"13":{"loc":{"start":{"line":136,"column":16},"end":{"line":136,"column":75}},"type":"binary-expr","locations":[{"start":{"line":136,"column":16},"end":{"line":136,"column":41}},{"start":{"line":136,"column":45},"end":{"line":136,"column":75}}]},"14":{"loc":{"start":{"line":139,"column":6},"end":{"line":143,"column":7}},"type":"if","locations":[{"start":{"line":139,"column":6},"end":{"line":143,"column":7}}]},"15":{"loc":{"start":{"line":141,"column":8},"end":{"line":142,"column":32}},"type":"if","locations":[{"start":{"line":141,"column":8},"end":{"line":142,"column":32}}]},"16":{"loc":{"start":{"line":146,"column":4},"end":{"line":147,"column":45}},"type":"if","locations":[{"start":{"line":146,"column":4},"end":{"line":147,"column":45}}]},"17":{"loc":{"start":{"line":163,"column":4},"end":{"line":163,"column":34}},"type":"default-arg","locations":[{"start":{"line":163,"column":32},"end":{"line":163,"column":34}}]},"18":{"loc":{"start":{"line":173,"column":4},"end":{"line":177,"column":5}},"type":"if","locations":[{"start":{"line":173,"column":4},"end":{"line":177,"column":5}}]},"19":{"loc":{"start":{"line":179,"column":4},"end":{"line":197,"column":5}},"type":"if","locations":[{"start":{"line":179,"column":4},"end":{"line":197,"column":5}},{"start":{"line":187,"column":11},"end":{"line":197,"column":5}}]},"20":{"loc":{"start":{"line":187,"column":11},"end":{"line":197,"column":5}},"type":"if","locations":[{"start":{"line":187,"column":11},"end":{"line":197,"column":5}}]},"21":{"loc":{"start":{"line":187,"column":15},"end":{"line":187,"column":57}},"type":"binary-expr","locations":[{"start":{"line":187,"column":15},"end":{"line":187,"column":36}},{"start":{"line":187,"column":40},"end":{"line":187,"column":57}}]},"22":{"loc":{"start":{"line":238,"column":4},"end":{"line":244,"column":5}},"type":"if","locations":[{"start":{"line":238,"column":4},"end":{"line":244,"column":5}}]},"23":{"loc":{"start":{"line":239,"column":6},"end":{"line":243,"column":8}},"type":"cond-expr","locations":[{"start":{"line":239,"column":33},"end":{"line":239,"column":35}},{"start":{"line":239,"column":33},"end":{"line":243,"column":8}}]},"24":{"loc":{"start":{"line":239,"column":6},"end":{"line":239,"column":35}},"type":"binary-expr","locations":[{"start":{"line":239,"column":6},"end":{"line":239,"column":35}},{"start":{"line":239,"column":33},"end":{"line":239,"column":35}}]},"25":{"loc":{"start":{"line":239,"column":6},"end":{"line":239,"column":33}},"type":"cond-expr","locations":[{"start":{"line":239,"column":27},"end":{"line":239,"column":29}},{"start":{"line":239,"column":27},"end":{"line":239,"column":33}}]},"26":{"loc":{"start":{"line":239,"column":6},"end":{"line":239,"column":29}},"type":"binary-expr","locations":[{"start":{"line":239,"column":6},"end":{"line":239,"column":29}},{"start":{"line":239,"column":27},"end":{"line":239,"column":29}}]},"27":{"loc":{"start":{"line":239,"column":6},"end":{"line":239,"column":27}},"type":"cond-expr","locations":[{"start":{"line":239,"column":19},"end":{"line":239,"column":21}},{"start":{"line":239,"column":19},"end":{"line":239,"column":27}}]},"28":{"loc":{"start":{"line":239,"column":6},"end":{"line":239,"column":21}},"type":"binary-expr","locations":[{"start":{"line":239,"column":6},"end":{"line":239,"column":21}},{"start":{"line":239,"column":19},"end":{"line":239,"column":21}}]},"29":{"loc":{"start":{"line":239,"column":6},"end":{"line":239,"column":19}},"type":"cond-expr","locations":[{"start":{"line":239,"column":10},"end":{"line":239,"column":12}},{"start":{"line":239,"column":6},"end":{"line":239,"column":19}}]},"30":{"loc":{"start":{"line":239,"column":6},"end":{"line":239,"column":12}},"type":"binary-expr","locations":[{"start":{"line":239,"column":6},"end":{"line":239,"column":12}},{"start":{"line":239,"column":6},"end":{"line":239,"column":12}}]},"31":{"loc":{"start":{"line":246,"column":4},"end":{"line":254,"column":5}},"type":"if","locations":[{"start":{"line":246,"column":4},"end":{"line":254,"column":5}}]},"32":{"loc":{"start":{"line":247,"column":19},"end":{"line":248,"column":null}},"type":"cond-expr","locations":[{"start":{"line":247,"column":46},"end":{"line":247,"column":48}},{"start":{"line":247,"column":46},"end":{"line":248,"column":null}}]},"33":{"loc":{"start":{"line":247,"column":19},"end":{"line":247,"column":48}},"type":"binary-expr","locations":[{"start":{"line":247,"column":19},"end":{"line":247,"column":48}},{"start":{"line":247,"column":46},"end":{"line":247,"column":48}}]},"34":{"loc":{"start":{"line":247,"column":19},"end":{"line":247,"column":46}},"type":"cond-expr","locations":[{"start":{"line":247,"column":40},"end":{"line":247,"column":42}},{"start":{"line":247,"column":40},"end":{"line":247,"column":46}}]},"35":{"loc":{"start":{"line":247,"column":19},"end":{"line":247,"column":42}},"type":"binary-expr","locations":[{"start":{"line":247,"column":19},"end":{"line":247,"column":42}},{"start":{"line":247,"column":40},"end":{"line":247,"column":42}}]},"36":{"loc":{"start":{"line":247,"column":19},"end":{"line":247,"column":40}},"type":"cond-expr","locations":[{"start":{"line":247,"column":32},"end":{"line":247,"column":34}},{"start":{"line":247,"column":32},"end":{"line":247,"column":40}}]},"37":{"loc":{"start":{"line":247,"column":19},"end":{"line":247,"column":34}},"type":"binary-expr","locations":[{"start":{"line":247,"column":19},"end":{"line":247,"column":34}},{"start":{"line":247,"column":32},"end":{"line":247,"column":34}}]},"38":{"loc":{"start":{"line":247,"column":19},"end":{"line":247,"column":32}},"type":"cond-expr","locations":[{"start":{"line":247,"column":23},"end":{"line":247,"column":25}},{"start":{"line":247,"column":19},"end":{"line":247,"column":32}}]},"39":{"loc":{"start":{"line":247,"column":19},"end":{"line":247,"column":25}},"type":"binary-expr","locations":[{"start":{"line":247,"column":19},"end":{"line":247,"column":25}},{"start":{"line":247,"column":19},"end":{"line":247,"column":25}}]},"40":{"loc":{"start":{"line":251,"column":6},"end":{"line":253,"column":7}},"type":"if","locations":[{"start":{"line":251,"column":6},"end":{"line":253,"column":7}}]},"41":{"loc":{"start":{"line":251,"column":10},"end":{"line":251,"column":37}},"type":"cond-expr","locations":[{"start":{"line":251,"column":31},"end":{"line":251,"column":33}},{"start":{"line":251,"column":31},"end":{"line":251,"column":37}}]},"42":{"loc":{"start":{"line":251,"column":10},"end":{"line":251,"column":33}},"type":"binary-expr","locations":[{"start":{"line":251,"column":10},"end":{"line":251,"column":33}},{"start":{"line":251,"column":31},"end":{"line":251,"column":33}}]},"43":{"loc":{"start":{"line":251,"column":10},"end":{"line":251,"column":31}},"type":"cond-expr","locations":[{"start":{"line":251,"column":23},"end":{"line":251,"column":25}},{"start":{"line":251,"column":23},"end":{"line":251,"column":31}}]},"44":{"loc":{"start":{"line":251,"column":10},"end":{"line":251,"column":25}},"type":"binary-expr","locations":[{"start":{"line":251,"column":10},"end":{"line":251,"column":25}},{"start":{"line":251,"column":23},"end":{"line":251,"column":25}}]},"45":{"loc":{"start":{"line":251,"column":10},"end":{"line":251,"column":23}},"type":"cond-expr","locations":[{"start":{"line":251,"column":14},"end":{"line":251,"column":16}},{"start":{"line":251,"column":10},"end":{"line":251,"column":23}}]},"46":{"loc":{"start":{"line":251,"column":10},"end":{"line":251,"column":16}},"type":"binary-expr","locations":[{"start":{"line":251,"column":10},"end":{"line":251,"column":16}},{"start":{"line":251,"column":10},"end":{"line":251,"column":16}}]},"47":{"loc":{"start":{"line":256,"column":4},"end":{"line":270,"column":5}},"type":"if","locations":[{"start":{"line":256,"column":4},"end":{"line":270,"column":5}}]},"48":{"loc":{"start":{"line":257,"column":19},"end":{"line":258,"column":null}},"type":"cond-expr","locations":[{"start":{"line":257,"column":46},"end":{"line":257,"column":48}},{"start":{"line":257,"column":46},"end":{"line":258,"column":null}}]},"49":{"loc":{"start":{"line":257,"column":19},"end":{"line":257,"column":48}},"type":"binary-expr","locations":[{"start":{"line":257,"column":19},"end":{"line":257,"column":48}},{"start":{"line":257,"column":46},"end":{"line":257,"column":48}}]},"50":{"loc":{"start":{"line":257,"column":19},"end":{"line":257,"column":46}},"type":"cond-expr","locations":[{"start":{"line":257,"column":40},"end":{"line":257,"column":42}},{"start":{"line":257,"column":40},"end":{"line":257,"column":46}}]},"51":{"loc":{"start":{"line":257,"column":19},"end":{"line":257,"column":42}},"type":"binary-expr","locations":[{"start":{"line":257,"column":19},"end":{"line":257,"column":42}},{"start":{"line":257,"column":40},"end":{"line":257,"column":42}}]},"52":{"loc":{"start":{"line":257,"column":19},"end":{"line":257,"column":40}},"type":"cond-expr","locations":[{"start":{"line":257,"column":32},"end":{"line":257,"column":34}},{"start":{"line":257,"column":32},"end":{"line":257,"column":40}}]},"53":{"loc":{"start":{"line":257,"column":19},"end":{"line":257,"column":34}},"type":"binary-expr","locations":[{"start":{"line":257,"column":19},"end":{"line":257,"column":34}},{"start":{"line":257,"column":32},"end":{"line":257,"column":34}}]},"54":{"loc":{"start":{"line":257,"column":19},"end":{"line":257,"column":32}},"type":"cond-expr","locations":[{"start":{"line":257,"column":23},"end":{"line":257,"column":25}},{"start":{"line":257,"column":19},"end":{"line":257,"column":32}}]},"55":{"loc":{"start":{"line":257,"column":19},"end":{"line":257,"column":25}},"type":"binary-expr","locations":[{"start":{"line":257,"column":19},"end":{"line":257,"column":25}},{"start":{"line":257,"column":19},"end":{"line":257,"column":25}}]},"56":{"loc":{"start":{"line":261,"column":6},"end":{"line":265,"column":8}},"type":"cond-expr","locations":[{"start":{"line":261,"column":10},"end":{"line":261,"column":12}},{"start":{"line":261,"column":6},"end":{"line":265,"column":8}}]},"57":{"loc":{"start":{"line":261,"column":6},"end":{"line":261,"column":12}},"type":"binary-expr","locations":[{"start":{"line":261,"column":6},"end":{"line":261,"column":12}},{"start":{"line":261,"column":6},"end":{"line":261,"column":12}}]},"58":{"loc":{"start":{"line":267,"column":6},"end":{"line":269,"column":7}},"type":"if","locations":[{"start":{"line":267,"column":6},"end":{"line":269,"column":7}}]},"59":{"loc":{"start":{"line":267,"column":10},"end":{"line":267,"column":37}},"type":"cond-expr","locations":[{"start":{"line":267,"column":31},"end":{"line":267,"column":33}},{"start":{"line":267,"column":31},"end":{"line":267,"column":37}}]},"60":{"loc":{"start":{"line":267,"column":10},"end":{"line":267,"column":33}},"type":"binary-expr","locations":[{"start":{"line":267,"column":10},"end":{"line":267,"column":33}},{"start":{"line":267,"column":31},"end":{"line":267,"column":33}}]},"61":{"loc":{"start":{"line":267,"column":10},"end":{"line":267,"column":31}},"type":"cond-expr","locations":[{"start":{"line":267,"column":23},"end":{"line":267,"column":25}},{"start":{"line":267,"column":23},"end":{"line":267,"column":31}}]},"62":{"loc":{"start":{"line":267,"column":10},"end":{"line":267,"column":25}},"type":"binary-expr","locations":[{"start":{"line":267,"column":10},"end":{"line":267,"column":25}},{"start":{"line":267,"column":23},"end":{"line":267,"column":25}}]},"63":{"loc":{"start":{"line":267,"column":10},"end":{"line":267,"column":23}},"type":"cond-expr","locations":[{"start":{"line":267,"column":14},"end":{"line":267,"column":16}},{"start":{"line":267,"column":10},"end":{"line":267,"column":23}}]},"64":{"loc":{"start":{"line":267,"column":10},"end":{"line":267,"column":16}},"type":"binary-expr","locations":[{"start":{"line":267,"column":10},"end":{"line":267,"column":16}},{"start":{"line":267,"column":10},"end":{"line":267,"column":16}}]},"65":{"loc":{"start":{"line":272,"column":22},"end":{"line":272,"column":61}},"type":"binary-expr","locations":[{"start":{"line":272,"column":22},"end":{"line":272,"column":56}},{"start":{"line":272,"column":60},"end":{"line":272,"column":61}}]},"66":{"loc":{"start":{"line":272,"column":22},"end":{"line":272,"column":56}},"type":"cond-expr","locations":[{"start":{"line":272,"column":48},"end":{"line":272,"column":50}},{"start":{"line":272,"column":48},"end":{"line":272,"column":56}}]},"67":{"loc":{"start":{"line":272,"column":22},"end":{"line":272,"column":50}},"type":"binary-expr","locations":[{"start":{"line":272,"column":22},"end":{"line":272,"column":50}},{"start":{"line":272,"column":48},"end":{"line":272,"column":50}}]},"68":{"loc":{"start":{"line":272,"column":22},"end":{"line":272,"column":48}},"type":"cond-expr","locations":[{"start":{"line":272,"column":43},"end":{"line":272,"column":45}},{"start":{"line":272,"column":43},"end":{"line":272,"column":48}}]},"69":{"loc":{"start":{"line":272,"column":22},"end":{"line":272,"column":45}},"type":"binary-expr","locations":[{"start":{"line":272,"column":22},"end":{"line":272,"column":45}},{"start":{"line":272,"column":43},"end":{"line":272,"column":45}}]},"70":{"loc":{"start":{"line":272,"column":22},"end":{"line":272,"column":43}},"type":"cond-expr","locations":[{"start":{"line":272,"column":35},"end":{"line":272,"column":37}},{"start":{"line":272,"column":35},"end":{"line":272,"column":43}}]},"71":{"loc":{"start":{"line":272,"column":22},"end":{"line":272,"column":37}},"type":"binary-expr","locations":[{"start":{"line":272,"column":22},"end":{"line":272,"column":37}},{"start":{"line":272,"column":35},"end":{"line":272,"column":37}}]},"72":{"loc":{"start":{"line":272,"column":22},"end":{"line":272,"column":35}},"type":"cond-expr","locations":[{"start":{"line":272,"column":26},"end":{"line":272,"column":28}},{"start":{"line":272,"column":22},"end":{"line":272,"column":35}}]},"73":{"loc":{"start":{"line":272,"column":22},"end":{"line":272,"column":28}},"type":"binary-expr","locations":[{"start":{"line":272,"column":22},"end":{"line":272,"column":28}},{"start":{"line":272,"column":22},"end":{"line":272,"column":28}}]},"74":{"loc":{"start":{"line":273,"column":23},"end":{"line":273,"column":63}},"type":"binary-expr","locations":[{"start":{"line":273,"column":23},"end":{"line":273,"column":58}},{"start":{"line":273,"column":62},"end":{"line":273,"column":63}}]},"75":{"loc":{"start":{"line":273,"column":23},"end":{"line":273,"column":58}},"type":"cond-expr","locations":[{"start":{"line":273,"column":50},"end":{"line":273,"column":52}},{"start":{"line":273,"column":50},"end":{"line":273,"column":58}}]},"76":{"loc":{"start":{"line":273,"column":23},"end":{"line":273,"column":52}},"type":"binary-expr","locations":[{"start":{"line":273,"column":23},"end":{"line":273,"column":52}},{"start":{"line":273,"column":50},"end":{"line":273,"column":52}}]},"77":{"loc":{"start":{"line":273,"column":23},"end":{"line":273,"column":50}},"type":"cond-expr","locations":[{"start":{"line":273,"column":44},"end":{"line":273,"column":46}},{"start":{"line":273,"column":44},"end":{"line":273,"column":50}}]},"78":{"loc":{"start":{"line":273,"column":23},"end":{"line":273,"column":46}},"type":"binary-expr","locations":[{"start":{"line":273,"column":23},"end":{"line":273,"column":46}},{"start":{"line":273,"column":44},"end":{"line":273,"column":46}}]},"79":{"loc":{"start":{"line":273,"column":23},"end":{"line":273,"column":44}},"type":"cond-expr","locations":[{"start":{"line":273,"column":36},"end":{"line":273,"column":38}},{"start":{"line":273,"column":36},"end":{"line":273,"column":44}}]},"80":{"loc":{"start":{"line":273,"column":23},"end":{"line":273,"column":38}},"type":"binary-expr","locations":[{"start":{"line":273,"column":23},"end":{"line":273,"column":38}},{"start":{"line":273,"column":36},"end":{"line":273,"column":38}}]},"81":{"loc":{"start":{"line":273,"column":23},"end":{"line":273,"column":36}},"type":"cond-expr","locations":[{"start":{"line":273,"column":27},"end":{"line":273,"column":29}},{"start":{"line":273,"column":23},"end":{"line":273,"column":36}}]},"82":{"loc":{"start":{"line":273,"column":23},"end":{"line":273,"column":29}},"type":"binary-expr","locations":[{"start":{"line":273,"column":23},"end":{"line":273,"column":29}},{"start":{"line":273,"column":23},"end":{"line":273,"column":29}}]},"83":{"loc":{"start":{"line":275,"column":4},"end":{"line":281,"column":5}},"type":"if","locations":[{"start":{"line":275,"column":4},"end":{"line":281,"column":5}}]},"84":{"loc":{"start":{"line":275,"column":8},"end":{"line":275,"column":39}},"type":"binary-expr","locations":[{"start":{"line":275,"column":8},"end":{"line":275,"column":21}},{"start":{"line":275,"column":25},"end":{"line":275,"column":39}}]},"85":{"loc":{"start":{"line":276,"column":6},"end":{"line":278,"column":8}},"type":"cond-expr","locations":[{"start":{"line":276,"column":32},"end":{"line":276,"column":34}},{"start":{"line":276,"column":32},"end":{"line":278,"column":8}}]},"86":{"loc":{"start":{"line":276,"column":6},"end":{"line":276,"column":34}},"type":"binary-expr","locations":[{"start":{"line":276,"column":6},"end":{"line":276,"column":34}},{"start":{"line":276,"column":32},"end":{"line":276,"column":34}}]},"87":{"loc":{"start":{"line":276,"column":6},"end":{"line":276,"column":32}},"type":"cond-expr","locations":[{"start":{"line":276,"column":27},"end":{"line":276,"column":29}},{"start":{"line":276,"column":27},"end":{"line":276,"column":32}}]},"88":{"loc":{"start":{"line":276,"column":6},"end":{"line":276,"column":29}},"type":"binary-expr","locations":[{"start":{"line":276,"column":6},"end":{"line":276,"column":29}},{"start":{"line":276,"column":27},"end":{"line":276,"column":29}}]},"89":{"loc":{"start":{"line":276,"column":6},"end":{"line":276,"column":27}},"type":"cond-expr","locations":[{"start":{"line":276,"column":19},"end":{"line":276,"column":21}},{"start":{"line":276,"column":19},"end":{"line":276,"column":27}}]},"90":{"loc":{"start":{"line":276,"column":6},"end":{"line":276,"column":21}},"type":"binary-expr","locations":[{"start":{"line":276,"column":6},"end":{"line":276,"column":21}},{"start":{"line":276,"column":19},"end":{"line":276,"column":21}}]},"91":{"loc":{"start":{"line":276,"column":6},"end":{"line":276,"column":19}},"type":"cond-expr","locations":[{"start":{"line":276,"column":10},"end":{"line":276,"column":12}},{"start":{"line":276,"column":6},"end":{"line":276,"column":19}}]},"92":{"loc":{"start":{"line":276,"column":6},"end":{"line":276,"column":12}},"type":"binary-expr","locations":[{"start":{"line":276,"column":6},"end":{"line":276,"column":12}},{"start":{"line":276,"column":6},"end":{"line":276,"column":12}}]},"93":{"loc":{"start":{"line":277,"column":14},"end":{"line":277,"column":41}},"type":"cond-expr","locations":[{"start":{"line":277,"column":35},"end":{"line":277,"column":37}},{"start":{"line":277,"column":35},"end":{"line":277,"column":41}}]},"94":{"loc":{"start":{"line":277,"column":14},"end":{"line":277,"column":37}},"type":"binary-expr","locations":[{"start":{"line":277,"column":14},"end":{"line":277,"column":37}},{"start":{"line":277,"column":35},"end":{"line":277,"column":37}}]},"95":{"loc":{"start":{"line":277,"column":14},"end":{"line":277,"column":35}},"type":"cond-expr","locations":[{"start":{"line":277,"column":27},"end":{"line":277,"column":29}},{"start":{"line":277,"column":27},"end":{"line":277,"column":35}}]},"96":{"loc":{"start":{"line":277,"column":14},"end":{"line":277,"column":29}},"type":"binary-expr","locations":[{"start":{"line":277,"column":14},"end":{"line":277,"column":29}},{"start":{"line":277,"column":27},"end":{"line":277,"column":29}}]},"97":{"loc":{"start":{"line":277,"column":14},"end":{"line":277,"column":27}},"type":"cond-expr","locations":[{"start":{"line":277,"column":18},"end":{"line":277,"column":20}},{"start":{"line":277,"column":14},"end":{"line":277,"column":27}}]},"98":{"loc":{"start":{"line":277,"column":14},"end":{"line":277,"column":20}},"type":"binary-expr","locations":[{"start":{"line":277,"column":14},"end":{"line":277,"column":20}},{"start":{"line":277,"column":14},"end":{"line":277,"column":20}}]},"99":{"loc":{"start":{"line":280,"column":13},"end":{"line":280,"column":40}},"type":"cond-expr","locations":[{"start":{"line":280,"column":34},"end":{"line":280,"column":36}},{"start":{"line":280,"column":34},"end":{"line":280,"column":40}}]},"100":{"loc":{"start":{"line":280,"column":13},"end":{"line":280,"column":36}},"type":"binary-expr","locations":[{"start":{"line":280,"column":13},"end":{"line":280,"column":36}},{"start":{"line":280,"column":34},"end":{"line":280,"column":36}}]},"101":{"loc":{"start":{"line":280,"column":13},"end":{"line":280,"column":34}},"type":"cond-expr","locations":[{"start":{"line":280,"column":26},"end":{"line":280,"column":28}},{"start":{"line":280,"column":26},"end":{"line":280,"column":34}}]},"102":{"loc":{"start":{"line":280,"column":13},"end":{"line":280,"column":28}},"type":"binary-expr","locations":[{"start":{"line":280,"column":13},"end":{"line":280,"column":28}},{"start":{"line":280,"column":26},"end":{"line":280,"column":28}}]},"103":{"loc":{"start":{"line":280,"column":13},"end":{"line":280,"column":26}},"type":"cond-expr","locations":[{"start":{"line":280,"column":17},"end":{"line":280,"column":19}},{"start":{"line":280,"column":13},"end":{"line":280,"column":26}}]},"104":{"loc":{"start":{"line":280,"column":13},"end":{"line":280,"column":19}},"type":"binary-expr","locations":[{"start":{"line":280,"column":13},"end":{"line":280,"column":19}},{"start":{"line":280,"column":13},"end":{"line":280,"column":19}}]},"105":{"loc":{"start":{"line":283,"column":4},"end":{"line":285,"column":5}},"type":"if","locations":[{"start":{"line":283,"column":4},"end":{"line":285,"column":5}}]},"106":{"loc":{"start":{"line":284,"column":13},"end":{"line":284,"column":40}},"type":"cond-expr","locations":[{"start":{"line":284,"column":34},"end":{"line":284,"column":36}},{"start":{"line":284,"column":34},"end":{"line":284,"column":40}}]},"107":{"loc":{"start":{"line":284,"column":13},"end":{"line":284,"column":36}},"type":"binary-expr","locations":[{"start":{"line":284,"column":13},"end":{"line":284,"column":36}},{"start":{"line":284,"column":34},"end":{"line":284,"column":36}}]},"108":{"loc":{"start":{"line":284,"column":13},"end":{"line":284,"column":34}},"type":"cond-expr","locations":[{"start":{"line":284,"column":26},"end":{"line":284,"column":28}},{"start":{"line":284,"column":26},"end":{"line":284,"column":34}}]},"109":{"loc":{"start":{"line":284,"column":13},"end":{"line":284,"column":28}},"type":"binary-expr","locations":[{"start":{"line":284,"column":13},"end":{"line":284,"column":28}},{"start":{"line":284,"column":26},"end":{"line":284,"column":28}}]},"110":{"loc":{"start":{"line":284,"column":13},"end":{"line":284,"column":26}},"type":"cond-expr","locations":[{"start":{"line":284,"column":17},"end":{"line":284,"column":19}},{"start":{"line":284,"column":13},"end":{"line":284,"column":26}}]},"111":{"loc":{"start":{"line":284,"column":13},"end":{"line":284,"column":19}},"type":"binary-expr","locations":[{"start":{"line":284,"column":13},"end":{"line":284,"column":19}},{"start":{"line":284,"column":13},"end":{"line":284,"column":19}}]},"112":{"loc":{"start":{"line":287,"column":4},"end":{"line":289,"column":5}},"type":"if","locations":[{"start":{"line":287,"column":4},"end":{"line":289,"column":5}}]},"113":{"loc":{"start":{"line":288,"column":13},"end":{"line":288,"column":39}},"type":"cond-expr","locations":[{"start":{"line":288,"column":34},"end":{"line":288,"column":36}},{"start":{"line":288,"column":34},"end":{"line":288,"column":39}}]},"114":{"loc":{"start":{"line":288,"column":13},"end":{"line":288,"column":36}},"type":"binary-expr","locations":[{"start":{"line":288,"column":13},"end":{"line":288,"column":36}},{"start":{"line":288,"column":34},"end":{"line":288,"column":36}}]},"115":{"loc":{"start":{"line":288,"column":13},"end":{"line":288,"column":34}},"type":"cond-expr","locations":[{"start":{"line":288,"column":26},"end":{"line":288,"column":28}},{"start":{"line":288,"column":26},"end":{"line":288,"column":34}}]},"116":{"loc":{"start":{"line":288,"column":13},"end":{"line":288,"column":28}},"type":"binary-expr","locations":[{"start":{"line":288,"column":13},"end":{"line":288,"column":28}},{"start":{"line":288,"column":26},"end":{"line":288,"column":28}}]},"117":{"loc":{"start":{"line":288,"column":13},"end":{"line":288,"column":26}},"type":"cond-expr","locations":[{"start":{"line":288,"column":17},"end":{"line":288,"column":19}},{"start":{"line":288,"column":13},"end":{"line":288,"column":26}}]},"118":{"loc":{"start":{"line":288,"column":13},"end":{"line":288,"column":19}},"type":"binary-expr","locations":[{"start":{"line":288,"column":13},"end":{"line":288,"column":19}},{"start":{"line":288,"column":13},"end":{"line":288,"column":19}}]},"119":{"loc":{"start":{"line":291,"column":4},"end":{"line":293,"column":5}},"type":"if","locations":[{"start":{"line":291,"column":4},"end":{"line":293,"column":5}}]},"120":{"loc":{"start":{"line":291,"column":8},"end":{"line":291,"column":40}},"type":"binary-expr","locations":[{"start":{"line":291,"column":8},"end":{"line":291,"column":21}},{"start":{"line":291,"column":25},"end":{"line":291,"column":40}}]},"121":{"loc":{"start":{"line":295,"column":4},"end":{"line":312,"column":5}},"type":"if","locations":[{"start":{"line":295,"column":4},"end":{"line":312,"column":5}}]},"122":{"loc":{"start":{"line":296,"column":6},"end":{"line":299,"column":25}},"type":"binary-expr","locations":[{"start":{"line":296,"column":6},"end":{"line":296,"column":19}},{"start":{"line":297,"column":6},"end":{"line":297,"column":21}},{"start":{"line":298,"column":6},"end":{"line":298,"column":25}},{"start":{"line":299,"column":6},"end":{"line":299,"column":25}}]},"123":{"loc":{"start":{"line":314,"column":4},"end":{"line":326,"column":5}},"type":"if","locations":[{"start":{"line":314,"column":4},"end":{"line":326,"column":5}}]},"124":{"loc":{"start":{"line":314,"column":8},"end":{"line":314,"column":62}},"type":"binary-expr","locations":[{"start":{"line":314,"column":8},"end":{"line":314,"column":21}},{"start":{"line":314,"column":25},"end":{"line":314,"column":40}},{"start":{"line":314,"column":44},"end":{"line":314,"column":62}}]},"125":{"loc":{"start":{"line":333,"column":4},"end":{"line":333,"column":34}},"type":"default-arg","locations":[{"start":{"line":333,"column":32},"end":{"line":333,"column":34}}]},"126":{"loc":{"start":{"line":339,"column":4},"end":{"line":343,"column":5}},"type":"if","locations":[{"start":{"line":339,"column":4},"end":{"line":343,"column":5}}]},"127":{"loc":{"start":{"line":345,"column":4},"end":{"line":365,"column":5}},"type":"if","locations":[{"start":{"line":345,"column":4},"end":{"line":365,"column":5}},{"start":{"line":354,"column":11},"end":{"line":365,"column":5}}]},"128":{"loc":{"start":{"line":354,"column":11},"end":{"line":365,"column":5}},"type":"if","locations":[{"start":{"line":354,"column":11},"end":{"line":365,"column":5}}]},"129":{"loc":{"start":{"line":354,"column":15},"end":{"line":354,"column":62}},"type":"binary-expr","locations":[{"start":{"line":354,"column":15},"end":{"line":354,"column":41}},{"start":{"line":354,"column":45},"end":{"line":354,"column":62}}]}},"s":{"0":2,"1":2,"2":1,"3":1,"4":1,"5":1,"6":1,"7":1,"8":1,"9":1,"10":1,"11":0,"12":1,"13":1,"14":0,"15":0,"16":1,"17":0,"18":0,"19":0,"20":0,"21":0,"22":1,"23":1,"24":9,"25":1,"26":1,"27":1,"28":1,"29":1,"30":0,"31":1,"32":1,"33":1,"34":0,"35":0,"36":0,"37":0,"38":0,"39":0,"40":0,"41":0,"42":0,"43":0,"44":0,"45":0,"46":0,"47":2,"48":2,"49":2,"50":2,"51":2,"52":2,"53":2,"54":2,"55":2,"56":2,"57":2,"58":0,"59":2,"60":0,"61":0,"62":0,"63":0,"64":2,"65":0,"66":0,"67":0,"68":0,"69":0,"70":2,"71":2,"72":2,"73":0,"74":0,"75":2,"76":1,"77":2,"78":2,"79":2,"80":0,"81":2,"82":0,"83":0,"84":0,"85":2,"86":0,"87":0,"88":0,"89":2,"90":1,"91":1,"92":1,"93":1,"94":0,"95":1,"96":1,"97":1,"98":0,"99":0,"100":0,"101":0,"102":1,"103":1,"104":2,"105":2,"106":2,"107":2,"108":2,"109":2,"110":2,"111":2,"112":2,"113":2,"114":2,"115":2},"f":{"0":1,"1":1,"2":0,"3":9,"4":0,"5":0,"6":2,"7":2,"8":0,"9":0,"10":1,"11":0},"b":{"0":[1,0],"1":[1,0],"2":[1],"3":[0,1],"4":[0],"5":[1,0],"6":[0],"7":[1,0,0],"8":[0],"9":[0],"10":[0,0],"11":[0,0],"12":[1],"13":[9,8],"14":[1],"15":[1],"16":[0],"17":[0],"18":[0],"19":[0,0],"20":[0],"21":[0,0],"22":[0],"23":[0,0],"24":[0,0],"25":[0,0],"26":[0,0],"27":[0,0],"28":[0,0],"29":[0,0],"30":[0,0],"31":[0],"32":[0,0],"33":[0,0],"34":[0,0],"35":[0,0],"36":[0,0],"37":[0,0],"38":[0,0],"39":[0,0],"40":[0],"41":[0,0],"42":[0,0],"43":[0,0],"44":[0,0],"45":[0,0],"46":[0,0],"47":[0],"48":[0,0],"49":[0,0],"50":[0,0],"51":[0,0],"52":[0,0],"53":[0,0],"54":[0,0],"55":[0,0],"56":[0,0],"57":[0,0],"58":[0],"59":[0,0],"60":[0,0],"61":[0,0],"62":[0,0],"63":[0,0],"64":[0,0],"65":[2,2],"66":[0,2],"67":[2,2],"68":[0,2],"69":[2,2],"70":[0,2],"71":[2,2],"72":[0,2],"73":[2,2],"74":[2,1],"75":[0,2],"76":[2,2],"77":[0,2],"78":[2,2],"79":[0,2],"80":[2,2],"81":[0,2],"82":[2,2],"83":[0],"84":[2,0],"85":[0,0],"86":[0,0],"87":[0,0],"88":[0,0],"89":[0,0],"90":[0,0],"91":[0,0],"92":[0,0],"93":[0,0],"94":[0,0],"95":[0,0],"96":[0,0],"97":[0,0],"98":[0,0],"99":[0,0],"100":[0,0],"101":[0,0],"102":[0,0],"103":[0,0],"104":[0,0],"105":[1],"106":[0,1],"107":[1,1],"108":[0,1],"109":[1,1],"110":[0,1],"111":[1,1],"112":[2],"113":[0,2],"114":[2,2],"115":[0,2],"116":[2,2],"117":[0,2],"118":[2,2],"119":[0],"120":[2,0],"121":[0],"122":[2,0,0,0],"123":[0],"124":[2,0,0],"125":[0],"126":[0],"127":[1,0],"128":[0],"129":[0,0]}}
,"/Users/cakeplabs/cakeplabs/mongodb-orm/src/database/relation.ts": {"path":"/Users/cakeplabs/cakeplabs/mongodb-orm/src/database/relation.ts","statementMap":{"0":{"start":{"line":11,"column":0},"end":{"line":11,"column":28}},"1":{"start":{"line":21,"column":4},"end":{"line":42,"column":5}},"2":{"start":{"line":22,"column":21},"end":{"line":22,"column":45}},"3":{"start":{"line":24,"column":19},"end":{"line":27,"column":null}},"4":{"start":{"line":30,"column":6},"end":{"line":39,"column":7}},"5":{"start":{"line":32,"column":10},"end":{"line":32,"column":49}},"6":{"start":{"line":34,"column":10},"end":{"line":34,"column":47}},"7":{"start":{"line":36,"column":10},"end":{"line":36,"column":53}},"8":{"start":{"line":38,"column":10},"end":{"line":38,"column":22}},"9":{"start":{"line":41,"column":6},"end":{"line":41,"column":60}},"10":{"start":{"line":44,"column":4},"end":{"line":44,"column":16}},"11":{"start":{"line":52,"column":23},"end":{"line":52,"column":75}},"12":{"start":{"line":54,"column":4},"end":{"line":60,"column":6}},"13":{"start":{"line":68,"column":23},"end":{"line":68,"column":75}},"14":{"start":{"line":69,"column":4},"end":{"line":75,"column":6}},"15":{"start":{"line":83,"column":6},"end":{"line":83,"column":12}},"16":{"start":{"line":84,"column":21},"end":{"line":84,"column":61}},"17":{"start":{"line":86,"column":23},"end":{"line":86,"column":28}},"18":{"start":{"line":87,"column":26},"end":{"line":87,"column":28}},"19":{"start":{"line":89,"column":4},"end":{"line":91,"column":5}},"20":{"start":{"line":90,"column":6},"end":{"line":90,"column":48}},"21":{"start":{"line":93,"column":4},"end":{"line":103,"column":5}},"22":{"start":{"line":94,"column":6},"end":{"line":102,"column":8}},"23":{"start":{"line":105,"column":4},"end":{"line":129,"column":6}},"24":{"start":{"line":131,"column":4},"end":{"line":131,"column":28}},"25":{"start":{"line":132,"column":4},"end":{"line":132,"column":30}},"26":{"start":{"line":133,"column":4},"end":{"line":133,"column":16}},"27":{"start":{"line":140,"column":63},"end":{"line":140,"column":69}},"28":{"start":{"line":141,"column":21},"end":{"line":141,"column":61}},"29":{"start":{"line":143,"column":22},"end":{"line":143,"column":32}},"30":{"start":{"line":144,"column":20},"end":{"line":144,"column":28}},"31":{"start":{"line":146,"column":4},"end":{"line":148,"column":5}},"32":{"start":{"line":147,"column":6},"end":{"line":147,"column":42}},"33":{"start":{"line":150,"column":23},"end":{"line":150,"column":28}},"34":{"start":{"line":151,"column":26},"end":{"line":151,"column":28}},"35":{"start":{"line":153,"column":4},"end":{"line":155,"column":5}},"36":{"start":{"line":154,"column":6},"end":{"line":154,"column":48}},"37":{"start":{"line":157,"column":4},"end":{"line":167,"column":5}},"38":{"start":{"line":158,"column":6},"end":{"line":166,"column":8}},"39":{"start":{"line":169,"column":19},"end":{"line":175,"column":6}},"40":{"start":{"line":177,"column":4},"end":{"line":179,"column":7}},"41":{"start":{"line":181,"column":20},"end":{"line":186,"column":6}},"42":{"start":{"line":188,"column":4},"end":{"line":188,"column":27}},"43":{"start":{"line":190,"column":4},"end":{"line":190,"column":28}},"44":{"start":{"line":191,"column":4},"end":{"line":191,"column":30}},"45":{"start":{"line":193,"column":4},"end":{"line":193,"column":16}},"46":{"start":{"line":200,"column":63},"end":{"line":200,"column":69}},"47":{"start":{"line":201,"column":21},"end":{"line":201,"column":61}},"48":{"start":{"line":203,"column":23},"end":{"line":203,"column":28}},"49":{"start":{"line":204,"column":26},"end":{"line":204,"column":28}},"50":{"start":{"line":206,"column":4},"end":{"line":208,"column":5}},"51":{"start":{"line":207,"column":6},"end":{"line":207,"column":48}},"52":{"start":{"line":210,"column":4},"end":{"line":220,"column":5}},"53":{"start":{"line":211,"column":6},"end":{"line":219,"column":8}},"54":{"start":{"line":222,"column":19},"end":{"line":228,"column":6}},"55":{"start":{"line":230,"column":4},"end":{"line":230,"column":39}},"56":{"start":{"line":232,"column":4},"end":{"line":232,"column":28}},"57":{"start":{"line":233,"column":4},"end":{"line":233,"column":30}},"58":{"start":{"line":235,"column":4},"end":{"line":235,"column":16}},"59":{"start":{"line":244,"column":23},"end":{"line":244,"column":75}},"60":{"start":{"line":246,"column":6},"end":{"line":246,"column":73}},"61":{"start":{"line":248,"column":4},"end":{"line":255,"column":6}},"62":{"start":{"line":264,"column":23},"end":{"line":264,"column":75}},"63":{"start":{"line":266,"column":6},"end":{"line":266,"column":79}},"64":{"start":{"line":268,"column":4},"end":{"line":275,"column":6}},"65":{"start":{"line":279,"column":31},"end":{"line":279,"column":37}},"66":{"start":{"line":281,"column":4},"end":{"line":312,"column":5}},"67":{"start":{"line":282,"column":20},"end":{"line":286,"column":8}},"68":{"start":{"line":288,"column":6},"end":{"line":296,"column":9}},"69":{"start":{"line":289,"column":8},"end":{"line":295,"column":10}},"70":{"start":{"line":298,"column":26},"end":{"line":309,"column":8}},"71":{"start":{"line":311,"column":6},"end":{"line":311,"column":49}},"72":{"start":{"line":314,"column":4},"end":{"line":330,"column":5}},"73":{"start":{"line":315,"column":20},"end":{"line":317,"column":8}},"74":{"start":{"line":319,"column":6},"end":{"line":327,"column":9}},"75":{"start":{"line":320,"column":8},"end":{"line":326,"column":10}},"76":{"start":{"line":329,"column":6},"end":{"line":329,"column":33}},"77":{"start":{"line":332,"column":4},"end":{"line":332,"column":16}},"78":{"start":{"line":336,"column":4},"end":{"line":336,"column":22}},"79":{"start":{"line":337,"column":4},"end":{"line":337,"column":16}},"80":{"start":{"line":14,"column":19},"end":{"line":14,"column":42}},"81":{"start":{"line":13,"column":21},"end":{"line":13,"column":30}}},"fnMap":{"0":{"name":"(anonymous_1)","decl":{"start":{"line":16,"column":9},"end":{"line":16,"column":15}},"loc":{"start":{"line":19,"column":38},"end":{"line":45,"column":3}}},"1":{"name":"(anonymous_2)","decl":{"start":{"line":47,"column":12},"end":{"line":47,"column":18}},"loc":{"start":{"line":50,"column":28},"end":{"line":61,"column":3}}},"2":{"name":"(anonymous_3)","decl":{"start":{"line":63,"column":12},"end":{"line":63,"column":18}},"loc":{"start":{"line":66,"column":28},"end":{"line":76,"column":3}}},"3":{"name":"(anonymous_4)","decl":{"start":{"line":78,"column":12},"end":{"line":78,"column":18}},"loc":{"start":{"line":80,"column":42},"end":{"line":134,"column":3}}},"4":{"name":"(anonymous_5)","decl":{"start":{"line":136,"column":12},"end":{"line":136,"column":18}},"loc":{"start":{"line":138,"column":38},"end":{"line":194,"column":3}}},"5":{"name":"(anonymous_6)","decl":{"start":{"line":196,"column":12},"end":{"line":196,"column":18}},"loc":{"start":{"line":198,"column":38},"end":{"line":236,"column":3}}},"6":{"name":"(anonymous_7)","decl":{"start":{"line":238,"column":12},"end":{"line":238,"column":18}},"loc":{"start":{"line":242,"column":28},"end":{"line":256,"column":3}}},"7":{"name":"(anonymous_8)","decl":{"start":{"line":258,"column":12},"end":{"line":258,"column":18}},"loc":{"start":{"line":262,"column":29},"end":{"line":276,"column":3}}},"8":{"name":"(anonymous_9)","decl":{"start":{"line":278,"column":12},"end":{"line":278,"column":18}},"loc":{"start":{"line":278,"column":66},"end":{"line":333,"column":3}}},"9":{"name":"(anonymous_10)","decl":{"start":{"line":288,"column":31},"end":{"line":288,"column":32}},"loc":{"start":{"line":288,"column":41},"end":{"line":296,"column":7}}},"10":{"name":"(anonymous_11)","decl":{"start":{"line":319,"column":32},"end":{"line":319,"column":33}},"loc":{"start":{"line":319,"column":42},"end":{"line":327,"column":7}}},"11":{"name":"(anonymous_12)","decl":{"start":{"line":335,"column":9},"end":{"line":335,"column":15}},"loc":{"start":{"line":335,"column":29},"end":{"line":338,"column":3}}}},"branchMap":{"0":{"loc":{"start":{"line":19,"column":4},"end":{"line":19,"column":38}},"type":"default-arg","locations":[{"start":{"line":19,"column":36},"end":{"line":19,"column":38}}]},"1":{"loc":{"start":{"line":21,"column":4},"end":{"line":42,"column":5}},"type":"if","locations":[{"start":{"line":21,"column":4},"end":{"line":42,"column":5}},{"start":{"line":40,"column":11},"end":{"line":42,"column":5}}]},"2":{"loc":{"start":{"line":30,"column":6},"end":{"line":39,"column":7}},"type":"switch","locations":[{"start":{"line":31,"column":8},"end":{"line":32,"column":49}},{"start":{"line":33,"column":8},"end":{"line":34,"column":47}},{"start":{"line":35,"column":8},"end":{"line":36,"column":53}},{"start":{"line":37,"column":8},"end":{"line":38,"column":22}}]},"3":{"loc":{"start":{"line":50,"column":4},"end":{"line":50,"column":28}},"type":"default-arg","locations":[{"start":{"line":50,"column":23},"end":{"line":50,"column":28}}]},"4":{"loc":{"start":{"line":52,"column":23},"end":{"line":52,"column":75}},"type":"cond-expr","locations":[{"start":{"line":52,"column":51},"end":{"line":52,"column":56}},{"start":{"line":52,"column":59},"end":{"line":52,"column":75}}]},"5":{"loc":{"start":{"line":66,"column":4},"end":{"line":66,"column":28}},"type":"default-arg","locations":[{"start":{"line":66,"column":23},"end":{"line":66,"column":28}}]},"6":{"loc":{"start":{"line":68,"column":23},"end":{"line":68,"column":75}},"type":"cond-expr","locations":[{"start":{"line":68,"column":51},"end":{"line":68,"column":56}},{"start":{"line":68,"column":59},"end":{"line":68,"column":75}}]},"7":{"loc":{"start":{"line":89,"column":4},"end":{"line":91,"column":5}},"type":"if","locations":[{"start":{"line":89,"column":4},"end":{"line":91,"column":5}}]},"8":{"loc":{"start":{"line":90,"column":21},"end":{"line":90,"column":47}},"type":"binary-expr","locations":[{"start":{"line":90,"column":21},"end":{"line":90,"column":38}},{"start":{"line":90,"column":42},"end":{"line":90,"column":47}}]},"9":{"loc":{"start":{"line":90,"column":21},"end":{"line":90,"column":38}},"type":"cond-expr","locations":[{"start":{"line":90,"column":26},"end":{"line":90,"column":28}},{"start":{"line":90,"column":21},"end":{"line":90,"column":38}}]},"10":{"loc":{"start":{"line":90,"column":21},"end":{"line":90,"column":28}},"type":"binary-expr","locations":[{"start":{"line":90,"column":21},"end":{"line":90,"column":28}},{"start":{"line":90,"column":21},"end":{"line":90,"column":28}}]},"11":{"loc":{"start":{"line":93,"column":4},"end":{"line":103,"column":5}},"type":"if","locations":[{"start":{"line":93,"column":4},"end":{"line":103,"column":5}}]},"12":{"loc":{"start":{"line":146,"column":4},"end":{"line":148,"column":5}},"type":"if","locations":[{"start":{"line":146,"column":4},"end":{"line":148,"column":5}}]},"13":{"loc":{"start":{"line":153,"column":4},"end":{"line":155,"column":5}},"type":"if","locations":[{"start":{"line":153,"column":4},"end":{"line":155,"column":5}}]},"14":{"loc":{"start":{"line":154,"column":21},"end":{"line":154,"column":47}},"type":"binary-expr","locations":[{"start":{"line":154,"column":21},"end":{"line":154,"column":38}},{"start":{"line":154,"column":42},"end":{"line":154,"column":47}}]},"15":{"loc":{"start":{"line":154,"column":21},"end":{"line":154,"column":38}},"type":"cond-expr","locations":[{"start":{"line":154,"column":26},"end":{"line":154,"column":28}},{"start":{"line":154,"column":21},"end":{"line":154,"column":38}}]},"16":{"loc":{"start":{"line":154,"column":21},"end":{"line":154,"column":28}},"type":"binary-expr","locations":[{"start":{"line":154,"column":21},"end":{"line":154,"column":28}},{"start":{"line":154,"column":21},"end":{"line":154,"column":28}}]},"17":{"loc":{"start":{"line":157,"column":4},"end":{"line":167,"column":5}},"type":"if","locations":[{"start":{"line":157,"column":4},"end":{"line":167,"column":5}}]},"18":{"loc":{"start":{"line":206,"column":4},"end":{"line":208,"column":5}},"type":"if","locations":[{"start":{"line":206,"column":4},"end":{"line":208,"column":5}}]},"19":{"loc":{"start":{"line":207,"column":21},"end":{"line":207,"column":47}},"type":"binary-expr","locations":[{"start":{"line":207,"column":21},"end":{"line":207,"column":38}},{"start":{"line":207,"column":42},"end":{"line":207,"column":47}}]},"20":{"loc":{"start":{"line":207,"column":21},"end":{"line":207,"column":38}},"type":"cond-expr","locations":[{"start":{"line":207,"column":26},"end":{"line":207,"column":28}},{"start":{"line":207,"column":21},"end":{"line":207,"column":38}}]},"21":{"loc":{"start":{"line":207,"column":21},"end":{"line":207,"column":28}},"type":"binary-expr","locations":[{"start":{"line":207,"column":21},"end":{"line":207,"column":28}},{"start":{"line":207,"column":21},"end":{"line":207,"column":28}}]},"22":{"loc":{"start":{"line":210,"column":4},"end":{"line":220,"column":5}},"type":"if","locations":[{"start":{"line":210,"column":4},"end":{"line":220,"column":5}}]},"23":{"loc":{"start":{"line":244,"column":23},"end":{"line":244,"column":75}},"type":"cond-expr","locations":[{"start":{"line":244,"column":51},"end":{"line":244,"column":56}},{"start":{"line":244,"column":59},"end":{"line":244,"column":75}}]},"24":{"loc":{"start":{"line":246,"column":6},"end":{"line":246,"column":73}},"type":"cond-expr","locations":[{"start":{"line":246,"column":39},"end":{"line":246,"column":49}},{"start":{"line":246,"column":52},"end":{"line":246,"column":73}}]},"25":{"loc":{"start":{"line":264,"column":23},"end":{"line":264,"column":75}},"type":"cond-expr","locations":[{"start":{"line":264,"column":51},"end":{"line":264,"column":56}},{"start":{"line":264,"column":59},"end":{"line":264,"column":75}}]},"26":{"loc":{"start":{"line":266,"column":6},"end":{"line":266,"column":79}},"type":"cond-expr","locations":[{"start":{"line":266,"column":41},"end":{"line":266,"column":53}},{"start":{"line":266,"column":56},"end":{"line":266,"column":79}}]},"27":{"loc":{"start":{"line":281,"column":4},"end":{"line":312,"column":5}},"type":"if","locations":[{"start":{"line":281,"column":4},"end":{"line":312,"column":5}}]},"28":{"loc":{"start":{"line":281,"column":8},"end":{"line":281,"column":54}},"type":"binary-expr","locations":[{"start":{"line":281,"column":8},"end":{"line":281,"column":23}},{"start":{"line":281,"column":27},"end":{"line":281,"column":54}}]},"29":{"loc":{"start":{"line":281,"column":8},"end":{"line":281,"column":23}},"type":"cond-expr","locations":[{"start":{"line":281,"column":15},"end":{"line":281,"column":17}},{"start":{"line":281,"column":8},"end":{"line":281,"column":23}}]},"30":{"loc":{"start":{"line":281,"column":8},"end":{"line":281,"column":17}},"type":"binary-expr","locations":[{"start":{"line":281,"column":8},"end":{"line":281,"column":17}},{"start":{"line":281,"column":8},"end":{"line":281,"column":17}}]},"31":{"loc":{"start":{"line":281,"column":27},"end":{"line":281,"column":50}},"type":"cond-expr","locations":[{"start":{"line":281,"column":42},"end":{"line":281,"column":44}},{"start":{"line":281,"column":42},"end":{"line":281,"column":50}}]},"32":{"loc":{"start":{"line":281,"column":27},"end":{"line":281,"column":44}},"type":"binary-expr","locations":[{"start":{"line":281,"column":27},"end":{"line":281,"column":44}},{"start":{"line":281,"column":42},"end":{"line":281,"column":44}}]},"33":{"loc":{"start":{"line":281,"column":27},"end":{"line":281,"column":42}},"type":"cond-expr","locations":[{"start":{"line":281,"column":34},"end":{"line":281,"column":36}},{"start":{"line":281,"column":27},"end":{"line":281,"column":42}}]},"34":{"loc":{"start":{"line":281,"column":27},"end":{"line":281,"column":36}},"type":"binary-expr","locations":[{"start":{"line":281,"column":27},"end":{"line":281,"column":36}},{"start":{"line":281,"column":27},"end":{"line":281,"column":36}}]},"35":{"loc":{"start":{"line":288,"column":6},"end":{"line":296,"column":8}},"type":"cond-expr","locations":[{"start":{"line":288,"column":21},"end":{"line":288,"column":23}},{"start":{"line":288,"column":21},"end":{"line":296,"column":8}}]},"36":{"loc":{"start":{"line":288,"column":6},"end":{"line":288,"column":23}},"type":"binary-expr","locations":[{"start":{"line":288,"column":6},"end":{"line":288,"column":23}},{"start":{"line":288,"column":21},"end":{"line":288,"column":23}}]},"37":{"loc":{"start":{"line":288,"column":6},"end":{"line":288,"column":21}},"type":"cond-expr","locations":[{"start":{"line":288,"column":13},"end":{"line":288,"column":15}},{"start":{"line":288,"column":6},"end":{"line":288,"column":21}}]},"38":{"loc":{"start":{"line":288,"column":6},"end":{"line":288,"column":15}},"type":"binary-expr","locations":[{"start":{"line":288,"column":6},"end":{"line":288,"column":15}},{"start":{"line":288,"column":6},"end":{"line":288,"column":15}}]},"39":{"loc":{"start":{"line":314,"column":4},"end":{"line":330,"column":5}},"type":"if","locations":[{"start":{"line":314,"column":4},"end":{"line":330,"column":5}}]},"40":{"loc":{"start":{"line":314,"column":8},"end":{"line":314,"column":56}},"type":"binary-expr","locations":[{"start":{"line":314,"column":8},"end":{"line":314,"column":24}},{"start":{"line":314,"column":28},"end":{"line":314,"column":56}}]},"41":{"loc":{"start":{"line":314,"column":8},"end":{"line":314,"column":24}},"type":"cond-expr","locations":[{"start":{"line":314,"column":15},"end":{"line":314,"column":17}},{"start":{"line":314,"column":8},"end":{"line":314,"column":24}}]},"42":{"loc":{"start":{"line":314,"column":8},"end":{"line":314,"column":17}},"type":"binary-expr","locations":[{"start":{"line":314,"column":8},"end":{"line":314,"column":17}},{"start":{"line":314,"column":8},"end":{"line":314,"column":17}}]},"43":{"loc":{"start":{"line":314,"column":28},"end":{"line":314,"column":52}},"type":"cond-expr","locations":[{"start":{"line":314,"column":44},"end":{"line":314,"column":46}},{"start":{"line":314,"column":44},"end":{"line":314,"column":52}}]},"44":{"loc":{"start":{"line":314,"column":28},"end":{"line":314,"column":46}},"type":"binary-expr","locations":[{"start":{"line":314,"column":28},"end":{"line":314,"column":46}},{"start":{"line":314,"column":44},"end":{"line":314,"column":46}}]},"45":{"loc":{"start":{"line":314,"column":28},"end":{"line":314,"column":44}},"type":"cond-expr","locations":[{"start":{"line":314,"column":35},"end":{"line":314,"column":37}},{"start":{"line":314,"column":28},"end":{"line":314,"column":44}}]},"46":{"loc":{"start":{"line":314,"column":28},"end":{"line":314,"column":37}},"type":"binary-expr","locations":[{"start":{"line":314,"column":28},"end":{"line":314,"column":37}},{"start":{"line":314,"column":28},"end":{"line":314,"column":37}}]},"47":{"loc":{"start":{"line":319,"column":6},"end":{"line":327,"column":8}},"type":"cond-expr","locations":[{"start":{"line":319,"column":22},"end":{"line":319,"column":24}},{"start":{"line":319,"column":22},"end":{"line":327,"column":8}}]},"48":{"loc":{"start":{"line":319,"column":6},"end":{"line":319,"column":24}},"type":"binary-expr","locations":[{"start":{"line":319,"column":6},"end":{"line":319,"column":24}},{"start":{"line":319,"column":22},"end":{"line":319,"column":24}}]},"49":{"loc":{"start":{"line":319,"column":6},"end":{"line":319,"column":22}},"type":"cond-expr","locations":[{"start":{"line":319,"column":13},"end":{"line":319,"column":15}},{"start":{"line":319,"column":6},"end":{"line":319,"column":22}}]},"50":{"loc":{"start":{"line":319,"column":6},"end":{"line":319,"column":15}},"type":"binary-expr","locations":[{"start":{"line":319,"column":6},"end":{"line":319,"column":15}},{"start":{"line":319,"column":6},"end":{"line":319,"column":15}}]}},"s":{"0":2,"1":2,"2":2,"3":2,"4":2,"5":1,"6":1,"7":0,"8":0,"9":0,"10":0,"11":1,"12":1,"13":1,"14":1,"15":0,"16":0,"17":0,"18":0,"19":0,"20":0,"21":0,"22":0,"23":0,"24":0,"25":0,"26":0,"27":1,"28":1,"29":1,"30":1,"31":1,"32":0,"33":1,"34":1,"35":1,"36":1,"37":1,"38":0,"39":1,"40":1,"41":1,"42":1,"43":1,"44":1,"45":1,"46":1,"47":1,"48":1,"49":1,"50":1,"51":1,"52":1,"53":0,"54":1,"55":1,"56":1,"57":1,"58":1,"59":0,"60":0,"61":0,"62":0,"63":0,"64":0,"65":2,"66":2,"67":0,"68":0,"69":0,"70":0,"71":0,"72":2,"73":0,"74":0,"75":0,"76":0,"77":2,"78":4,"79":4,"80":2,"81":2},"f":{"0":2,"1":1,"2":1,"3":0,"4":1,"5":1,"6":0,"7":0,"8":2,"9":0,"10":0,"11":4},"b":{"0":[2],"1":[2,0],"2":[1,1,0,0],"3":[0],"4":[0,1],"5":[0],"6":[0,1],"7":[0],"8":[0,0],"9":[0,0],"10":[0,0],"11":[0],"12":[0],"13":[1],"14":[1,1],"15":[0,1],"16":[1,1],"17":[0],"18":[1],"19":[1,1],"20":[0,1],"21":[1,1],"22":[0],"23":[0,0],"24":[0,0],"25":[0,0],"26":[0,0],"27":[0],"28":[2,0],"29":[0,2],"30":[2,2],"31":[0,0],"32":[0,0],"33":[0,0],"34":[0,0],"35":[0,0],"36":[0,0],"37":[0,0],"38":[0,0],"39":[0],"40":[2,0],"41":[0,2],"42":[2,2],"43":[0,0],"44":[0,0],"45":[0,0],"46":[0,0],"47":[0,0],"48":[0,0],"49":[0,0],"50":[0,0]}}
,"/Users/cakeplabs/cakeplabs/mongodb-orm/src/database/connectors/mongodb.ts": {"path":"/Users/cakeplabs/cakeplabs/mongodb-orm/src/database/connectors/mongodb.ts","statementMap":{"0":{"start":{"line":1,"column":0},"end":{"line":1,"column":56}},"1":{"start":{"line":2,"column":0},"end":{"line":2,"column":23}},"2":{"start":{"line":4,"column":27},"end":{"line":4,"column":78}},"3":{"start":{"line":6,"column":0},"end":{"line":9,"column":1}},"4":{"start":{"line":7,"column":2},"end":{"line":8,"column":69}},"5":{"start":{"line":11,"column":13},"end":{"line":11,"column":58}},"6":{"start":{"line":13,"column":13},"end":{"line":14,"column":62}},"7":{"start":{"line":16,"column":13},"end":{"line":22,"column":3}}},"fnMap":{},"branchMap":{"0":{"loc":{"start":{"line":4,"column":27},"end":{"line":4,"column":78}},"type":"binary-expr","locations":[{"start":{"line":4,"column":27},"end":{"line":4,"column":60}},{"start":{"line":4,"column":64},"end":{"line":4,"column":78}}]},"1":{"loc":{"start":{"line":6,"column":0},"end":{"line":9,"column":1}},"type":"if","locations":[{"start":{"line":6,"column":0},"end":{"line":9,"column":1}}]},"2":{"loc":{"start":{"line":8,"column":4},"end":{"line":8,"column":68}},"type":"binary-expr","locations":[{"start":{"line":8,"column":4},"end":{"line":8,"column":42}},{"start":{"line":8,"column":46},"end":{"line":8,"column":68}}]},"3":{"loc":{"start":{"line":14,"column":2},"end":{"line":14,"column":61}},"type":"binary-expr","locations":[{"start":{"line":14,"column":2},"end":{"line":14,"column":30}},{"start":{"line":14,"column":34},"end":{"line":14,"column":61}}]}},"s":{"0":3,"1":3,"2":3,"3":3,"4":3,"5":3,"6":3,"7":3},"f":{},"b":{"0":[3,0],"1":[3],"2":[3,3],"3":[3,0]}}
}
