TN:
SF:src/database/database.ts
FN:11,(anonymous_0)
FN:18,(anonymous_1)
FNF:2
FNH:2
FNDA:6,(anonymous_0)
FNDA:3,(anonymous_1)
DA:2,3
DA:6,3
DA:7,3
DA:8,3
DA:12,6
DA:13,2
DA:15,6
DA:19,3
DA:20,3
DA:21,3
DA:22,3
DA:23,3
DA:24,3
DA:26,0
DA:31,3
LF:15
LH:14
BRDA:12,0,0,2
BRF:1
BRH:1
end_of_record
TN:
SF:src/database/model.ts
FN:6,(anonymous_8)
FN:16,(anonymous_10)
FN:30,(anonymous_12)
FN:48,(anonymous_14)
FN:60,(anonymous_16)
FN:67,(anonymous_17)
FNF:6
FNH:5
FNDA:1,(anonymous_8)
FNDA:2,(anonymous_10)
FNDA:1,(anonymous_12)
FNDA:1,(anonymous_14)
FNDA:2,(anonymous_16)
FNDA:0,(anonymous_17)
DA:3,2
DA:5,2
DA:7,1
DA:8,1
DA:10,1
DA:12,0
DA:17,2
DA:18,2
DA:20,2
DA:21,2
DA:22,2
DA:24,2
DA:26,0
DA:31,1
DA:32,1
DA:34,1
DA:36,1
DA:38,1
DA:39,3
DA:42,1
DA:44,0
DA:49,1
DA:50,1
DA:52,1
DA:54,1
DA:56,0
DA:61,2
DA:62,2
DA:63,2
DA:64,2
DA:66,2
DA:67,0
DA:68,0
DA:71,2
DA:74,2
DA:79,0
DA:81,2
DA:82,1
DA:85,2
DA:86,2
DA:87,0
DA:89,2
DA:95,2
DA:96,2
DA:98,2
DA:100,0
LF:46
LH:37
BRDA:18,0,0,0
BRDA:66,1,0,0
BRDA:66,1,1,2
BRDA:74,2,0,0
BRDA:76,3,0,2
BRDA:76,3,1,0
BRDA:76,4,0,0
BRDA:76,4,1,2
BRDA:76,5,0,2
BRDA:76,5,1,2
BRDA:76,6,0,0
BRDA:76,6,1,2
BRDA:76,7,0,2
BRDA:76,7,1,2
BRDA:76,8,0,0
BRDA:76,8,1,2
BRDA:76,9,0,2
BRDA:76,9,1,2
BRDA:81,10,0,1
BRDA:85,11,0,0
BRDA:86,12,0,0
BRDA:86,13,0,2
BRDA:86,13,1,2
BRDA:95,14,0,0
BRDA:96,15,0,0
BRF:25
BRH:14
end_of_record
TN:
SF:src/database/query.ts
FN:80,(anonymous_1)
FN:92,(anonymous_2)
FN:116,(anonymous_3)
FN:136,(anonymous_4)
FN:161,(anonymous_5)
FN:188,(anonymous_6)
FN:204,(anonymous_7)
FN:237,(anonymous_8)
FN:248,(anonymous_9)
FN:258,(anonymous_10)
FN:331,(anonymous_11)
FN:355,(anonymous_12)
FNF:12
FNH:6
FNDA:1,(anonymous_1)
FNDA:1,(anonymous_2)
FNDA:0,(anonymous_3)
FNDA:9,(anonymous_4)
FNDA:0,(anonymous_5)
FNDA:0,(anonymous_6)
FNDA:2,(anonymous_7)
FNDA:2,(anonymous_8)
FNDA:0,(anonymous_9)
FNDA:0,(anonymous_10)
FNDA:1,(anonymous_11)
FNDA:0,(anonymous_12)
DA:1,2
DA:6,2
DA:8,2
DA:9,2
DA:10,2
DA:11,2
DA:12,2
DA:13,2
DA:14,2
DA:15,2
DA:16,2
DA:17,2
DA:24,2
DA:40,2
DA:86,1
DA:87,1
DA:89,1
DA:99,1
DA:100,1
DA:101,1
DA:102,1
DA:103,1
DA:105,1
DA:106,0
DA:109,1
DA:111,1
DA:116,0
DA:119,1
DA:120,0
DA:121,0
DA:123,0
DA:130,0
DA:131,0
DA:134,1
DA:135,1
DA:136,9
DA:139,1
DA:140,1
DA:141,1
DA:142,1
DA:146,1
DA:147,0
DA:149,1
DA:156,1
DA:158,1
DA:165,0
DA:166,0
DA:167,0
DA:173,0
DA:174,0
DA:179,0
DA:180,0
DA:187,0
DA:188,0
DA:189,0
DA:199,0
DA:200,0
DA:201,0
DA:205,2
DA:206,2
DA:207,2
DA:208,2
DA:209,2
DA:210,2
DA:211,2
DA:212,2
DA:213,2
DA:220,2
DA:238,2
DA:239,0
DA:246,2
DA:247,0
DA:248,0
DA:251,0
DA:252,0
DA:256,2
DA:257,0
DA:258,0
DA:261,0
DA:267,0
DA:268,0
DA:272,2
DA:273,2
DA:275,2
DA:276,0
DA:280,0
DA:283,2
DA:284,1
DA:287,2
DA:288,2
DA:291,2
DA:292,0
DA:295,2
DA:301,0
DA:303,0
DA:311,0
DA:314,2
DA:315,0
DA:317,0
DA:325,0
DA:328,2
DA:335,1
DA:336,1
DA:337,1
DA:339,1
DA:340,0
DA:345,1
DA:346,1
DA:351,1
DA:354,0
DA:355,0
DA:356,0
DA:362,0
DA:367,1
DA:368,1
LF:115
LH:70
BRDA:86,0,0,1
BRDA:86,0,1,0
BRDA:87,1,0,1
BRDA:87,1,1,0
BRDA:97,2,0,1
BRDA:103,3,0,0
BRDA:103,3,1,1
BRDA:105,4,0,0
BRDA:105,5,0,1
BRDA:105,5,1,0
BRDA:111,6,0,0
BRDA:112,7,0,1
BRDA:112,7,1,0
BRDA:112,7,2,0
BRDA:119,8,0,0
BRDA:120,9,0,0
BRDA:125,10,0,0
BRDA:125,10,1,0
BRDA:125,11,0,0
BRDA:125,11,1,0
BRDA:134,12,0,1
BRDA:136,13,0,9
BRDA:136,13,1,8
BRDA:139,14,0,1
BRDA:141,15,0,1
BRDA:146,16,0,0
BRDA:163,17,0,0
BRDA:173,18,0,0
BRDA:179,19,0,0
BRDA:179,19,1,0
BRDA:187,20,0,0
BRDA:187,21,0,0
BRDA:187,21,1,0
BRDA:238,22,0,0
BRDA:239,23,0,0
BRDA:239,23,1,0
BRDA:239,24,0,0
BRDA:239,24,1,0
BRDA:239,25,0,0
BRDA:239,25,1,0
BRDA:239,26,0,0
BRDA:239,26,1,0
BRDA:239,27,0,0
BRDA:239,27,1,0
BRDA:239,28,0,0
BRDA:239,28,1,0
BRDA:239,29,0,0
BRDA:239,29,1,0
BRDA:239,30,0,0
BRDA:239,30,1,0
BRDA:246,31,0,0
BRDA:247,32,0,0
BRDA:247,32,1,0
BRDA:247,33,0,0
BRDA:247,33,1,0
BRDA:247,34,0,0
BRDA:247,34,1,0
BRDA:247,35,0,0
BRDA:247,35,1,0
BRDA:247,36,0,0
BRDA:247,36,1,0
BRDA:247,37,0,0
BRDA:247,37,1,0
BRDA:247,38,0,0
BRDA:247,38,1,0
BRDA:247,39,0,0
BRDA:247,39,1,0
BRDA:251,40,0,0
BRDA:251,41,0,0
BRDA:251,41,1,0
BRDA:251,42,0,0
BRDA:251,42,1,0
BRDA:251,43,0,0
BRDA:251,43,1,0
BRDA:251,44,0,0
BRDA:251,44,1,0
BRDA:251,45,0,0
BRDA:251,45,1,0
BRDA:251,46,0,0
BRDA:251,46,1,0
BRDA:256,47,0,0
BRDA:257,48,0,0
BRDA:257,48,1,0
BRDA:257,49,0,0
BRDA:257,49,1,0
BRDA:257,50,0,0
BRDA:257,50,1,0
BRDA:257,51,0,0
BRDA:257,51,1,0
BRDA:257,52,0,0
BRDA:257,52,1,0
BRDA:257,53,0,0
BRDA:257,53,1,0
BRDA:257,54,0,0
BRDA:257,54,1,0
BRDA:257,55,0,0
BRDA:257,55,1,0
BRDA:261,56,0,0
BRDA:261,56,1,0
BRDA:261,57,0,0
BRDA:261,57,1,0
BRDA:267,58,0,0
BRDA:267,59,0,0
BRDA:267,59,1,0
BRDA:267,60,0,0
BRDA:267,60,1,0
BRDA:267,61,0,0
BRDA:267,61,1,0
BRDA:267,62,0,0
BRDA:267,62,1,0
BRDA:267,63,0,0
BRDA:267,63,1,0
BRDA:267,64,0,0
BRDA:267,64,1,0
BRDA:272,65,0,2
BRDA:272,65,1,2
BRDA:272,66,0,0
BRDA:272,66,1,2
BRDA:272,67,0,2
BRDA:272,67,1,2
BRDA:272,68,0,0
BRDA:272,68,1,2
BRDA:272,69,0,2
BRDA:272,69,1,2
BRDA:272,70,0,0
BRDA:272,70,1,2
BRDA:272,71,0,2
BRDA:272,71,1,2
BRDA:272,72,0,0
BRDA:272,72,1,2
BRDA:272,73,0,2
BRDA:272,73,1,2
BRDA:273,74,0,2
BRDA:273,74,1,1
BRDA:273,75,0,0
BRDA:273,75,1,2
BRDA:273,76,0,2
BRDA:273,76,1,2
BRDA:273,77,0,0
BRDA:273,77,1,2
BRDA:273,78,0,2
BRDA:273,78,1,2
BRDA:273,79,0,0
BRDA:273,79,1,2
BRDA:273,80,0,2
BRDA:273,80,1,2
BRDA:273,81,0,0
BRDA:273,81,1,2
BRDA:273,82,0,2
BRDA:273,82,1,2
BRDA:275,83,0,0
BRDA:275,84,0,2
BRDA:275,84,1,0
BRDA:276,85,0,0
BRDA:276,85,1,0
BRDA:276,86,0,0
BRDA:276,86,1,0
BRDA:276,87,0,0
BRDA:276,87,1,0
BRDA:276,88,0,0
BRDA:276,88,1,0
BRDA:276,89,0,0
BRDA:276,89,1,0
BRDA:276,90,0,0
BRDA:276,90,1,0
BRDA:276,91,0,0
BRDA:276,91,1,0
BRDA:276,92,0,0
BRDA:276,92,1,0
BRDA:277,93,0,0
BRDA:277,93,1,0
BRDA:277,94,0,0
BRDA:277,94,1,0
BRDA:277,95,0,0
BRDA:277,95,1,0
BRDA:277,96,0,0
BRDA:277,96,1,0
BRDA:277,97,0,0
BRDA:277,97,1,0
BRDA:277,98,0,0
BRDA:277,98,1,0
BRDA:280,99,0,0
BRDA:280,99,1,0
BRDA:280,100,0,0
BRDA:280,100,1,0
BRDA:280,101,0,0
BRDA:280,101,1,0
BRDA:280,102,0,0
BRDA:280,102,1,0
BRDA:280,103,0,0
BRDA:280,103,1,0
BRDA:280,104,0,0
BRDA:280,104,1,0
BRDA:283,105,0,1
BRDA:284,106,0,0
BRDA:284,106,1,1
BRDA:284,107,0,1
BRDA:284,107,1,1
BRDA:284,108,0,0
BRDA:284,108,1,1
BRDA:284,109,0,1
BRDA:284,109,1,1
BRDA:284,110,0,0
BRDA:284,110,1,1
BRDA:284,111,0,1
BRDA:284,111,1,1
BRDA:287,112,0,2
BRDA:288,113,0,0
BRDA:288,113,1,2
BRDA:288,114,0,2
BRDA:288,114,1,2
BRDA:288,115,0,0
BRDA:288,115,1,2
BRDA:288,116,0,2
BRDA:288,116,1,2
BRDA:288,117,0,0
BRDA:288,117,1,2
BRDA:288,118,0,2
BRDA:288,118,1,2
BRDA:291,119,0,0
BRDA:291,120,0,2
BRDA:291,120,1,0
BRDA:295,121,0,0
BRDA:296,122,0,2
BRDA:296,122,1,0
BRDA:296,122,2,0
BRDA:296,122,3,0
BRDA:314,123,0,0
BRDA:314,124,0,2
BRDA:314,124,1,0
BRDA:314,124,2,0
BRDA:333,125,0,0
BRDA:339,126,0,0
BRDA:345,127,0,1
BRDA:345,127,1,0
BRDA:354,128,0,0
BRDA:354,129,0,0
BRDA:354,129,1,0
BRF:238
BRH:64
end_of_record
TN:
SF:src/database/relation.ts
FN:16,(anonymous_1)
FN:47,(anonymous_2)
FN:63,(anonymous_3)
FN:78,(anonymous_4)
FN:136,(anonymous_5)
FN:196,(anonymous_6)
FN:238,(anonymous_7)
FN:258,(anonymous_8)
FN:278,(anonymous_9)
FN:288,(anonymous_10)
FN:319,(anonymous_11)
FN:335,(anonymous_12)
FNF:12
FNH:7
FNDA:2,(anonymous_1)
FNDA:1,(anonymous_2)
FNDA:1,(anonymous_3)
FNDA:0,(anonymous_4)
FNDA:1,(anonymous_5)
FNDA:1,(anonymous_6)
FNDA:0,(anonymous_7)
FNDA:0,(anonymous_8)
FNDA:2,(anonymous_9)
FNDA:0,(anonymous_10)
FNDA:0,(anonymous_11)
FNDA:4,(anonymous_12)
DA:11,2
DA:13,2
DA:14,2
DA:21,2
DA:22,2
DA:24,2
DA:30,2
DA:32,1
DA:34,1
DA:36,0
DA:38,0
DA:41,0
DA:44,0
DA:52,1
DA:54,1
DA:68,1
DA:69,1
DA:83,0
DA:84,0
DA:86,0
DA:87,0
DA:89,0
DA:90,0
DA:93,0
DA:94,0
DA:105,0
DA:131,0
DA:132,0
DA:133,0
DA:140,1
DA:141,1
DA:143,1
DA:144,1
DA:146,1
DA:147,0
DA:150,1
DA:151,1
DA:153,1
DA:154,1
DA:157,1
DA:158,0
DA:169,1
DA:177,1
DA:181,1
DA:188,1
DA:190,1
DA:191,1
DA:193,1
DA:200,1
DA:201,1
DA:203,1
DA:204,1
DA:206,1
DA:207,1
DA:210,1
DA:211,0
DA:222,1
DA:230,1
DA:232,1
DA:233,1
DA:235,1
DA:244,0
DA:246,0
DA:248,0
DA:264,0
DA:266,0
DA:268,0
DA:279,2
DA:281,2
DA:282,0
DA:288,0
DA:289,0
DA:298,0
DA:311,0
DA:314,2
DA:315,0
DA:319,0
DA:320,0
DA:329,0
DA:332,2
DA:336,4
DA:337,4
LF:82
LH:48
BRDA:19,0,0,2
BRDA:21,1,0,2
BRDA:21,1,1,0
BRDA:30,2,0,1
BRDA:30,2,1,1
BRDA:30,2,2,0
BRDA:30,2,3,0
BRDA:50,3,0,0
BRDA:52,4,0,0
BRDA:52,4,1,1
BRDA:66,5,0,0
BRDA:68,6,0,0
BRDA:68,6,1,1
BRDA:89,7,0,0
BRDA:90,8,0,0
BRDA:90,8,1,0
BRDA:90,9,0,0
BRDA:90,9,1,0
BRDA:90,10,0,0
BRDA:90,10,1,0
BRDA:93,11,0,0
BRDA:146,12,0,0
BRDA:153,13,0,1
BRDA:154,14,0,1
BRDA:154,14,1,1
BRDA:154,15,0,0
BRDA:154,15,1,1
BRDA:154,16,0,1
BRDA:154,16,1,1
BRDA:157,17,0,0
BRDA:206,18,0,1
BRDA:207,19,0,1
BRDA:207,19,1,1
BRDA:207,20,0,0
BRDA:207,20,1,1
BRDA:207,21,0,1
BRDA:207,21,1,1
BRDA:210,22,0,0
BRDA:244,23,0,0
BRDA:244,23,1,0
BRDA:246,24,0,0
BRDA:246,24,1,0
BRDA:264,25,0,0
BRDA:264,25,1,0
BRDA:266,26,0,0
BRDA:266,26,1,0
BRDA:281,27,0,0
BRDA:281,28,0,2
BRDA:281,28,1,0
BRDA:281,29,0,0
BRDA:281,29,1,2
BRDA:281,30,0,2
BRDA:281,30,1,2
BRDA:281,31,0,0
BRDA:281,31,1,0
BRDA:281,32,0,0
BRDA:281,32,1,0
BRDA:281,33,0,0
BRDA:281,33,1,0
BRDA:281,34,0,0
BRDA:281,34,1,0
BRDA:288,35,0,0
BRDA:288,35,1,0
BRDA:288,36,0,0
BRDA:288,36,1,0
BRDA:288,37,0,0
BRDA:288,37,1,0
BRDA:288,38,0,0
BRDA:288,38,1,0
BRDA:314,39,0,0
BRDA:314,40,0,2
BRDA:314,40,1,0
BRDA:314,41,0,0
BRDA:314,41,1,2
BRDA:314,42,0,2
BRDA:314,42,1,2
BRDA:314,43,0,0
BRDA:314,43,1,0
BRDA:314,44,0,0
BRDA:314,44,1,0
BRDA:314,45,0,0
BRDA:314,45,1,0
BRDA:314,46,0,0
BRDA:314,46,1,0
BRDA:319,47,0,0
BRDA:319,47,1,0
BRDA:319,48,0,0
BRDA:319,48,1,0
BRDA:319,49,0,0
BRDA:319,49,1,0
BRDA:319,50,0,0
BRDA:319,50,1,0
BRF:92
BRH:26
end_of_record
TN:
SF:src/database/connectors/mongodb.ts
FNF:0
FNH:0
DA:1,3
DA:2,3
DA:4,3
DA:6,3
DA:7,3
DA:11,3
DA:13,3
DA:16,3
LF:8
LH:8
BRDA:4,0,0,3
BRDA:4,0,1,0
BRDA:6,1,0,3
BRDA:8,2,0,3
BRDA:8,2,1,3
BRDA:14,3,0,3
BRDA:14,3,1,0
BRF:7
BRH:5
end_of_record
